[10:17:50.759:INFO :JavaDemoApplication] Starting JavaDemoApplication using Java 1.8.0_121 on TEADYKANG-M-28CFCD with PID 95216 (/Users/kakaobank/Downloads/javaDemo/build/classes/java/main started by kakaobank in /Users/kakaobank/Downloads/javaDemo)
[10:17:50.762:INFO :JavaDemoApplication] No active profile set, falling back to default profiles: default
[10:17:50.795:INFO :DevToolsPropertyDefaultsPostProcessor] Devtools property defaults active! Set 'spring.devtools.add-properties' to 'false' to disable
[10:17:50.795:INFO :DevToolsPropertyDefaultsPostProcessor] For additional web related logging consider setting the 'logging.level.web' property to 'DEBUG'
[10:17:51.572:INFO :TomcatWebServer] Tomcat initialized with port(s): 8080 (http)
[10:17:51.578:INFO :Http11NioProtocol] Initializing ProtocolHandler ["http-nio-8080"]
[10:17:51.578:INFO :StandardService] Starting service [Tomcat]
[10:17:51.578:INFO :StandardEngine] Starting Servlet engine: [Apache Tomcat/9.0.41]
[10:17:51.622:INFO :[/]] Initializing Spring embedded WebApplicationContext
[10:17:51.623:INFO :ServletWebServerApplicationContext] Root WebApplicationContext: initialization completed in 827 ms
[10:17:51.898:INFO :ThreadPoolTaskExecutor] Initializing ExecutorService 'applicationTaskExecutor'
[10:17:52.096:INFO :OptionalLiveReloadServer] LiveReload server is running on port 35729
[10:17:52.110:INFO :Http11NioProtocol] Starting ProtocolHandler ["http-nio-8080"]
[10:17:52.138:INFO :TomcatWebServer] Tomcat started on port(s): 8080 (http) with context path ''
[10:17:52.151:INFO :JavaDemoApplication] Started JavaDemoApplication in 1.646 seconds (JVM running for 2.253)
[10:17:58.990:INFO :[/]] Initializing Spring DispatcherServlet 'dispatcherServlet'
[10:17:58.991:INFO :DispatcherServlet] Initializing Servlet 'dispatcherServlet'
[10:17:58.992:INFO :DispatcherServlet] Completed initialization in 1 ms
[10:17:59.022:INFO :OneController] log info
[10:18:57.471:INFO :ThreadPoolTaskExecutor] Shutting down ExecutorService 'applicationTaskExecutor'
[10:18:59.510:INFO :JavaDemoApplication] Starting JavaDemoApplication using Java 1.8.0_121 on TEADYKANG-M-28CFCD with PID 95753 (/Users/kakaobank/Downloads/javaDemo/build/classes/java/main started by kakaobank in /Users/kakaobank/Downloads/javaDemo)
[10:18:59.512:DEBUG:JavaDemoApplication] Running with Spring Boot v2.4.2, Spring v5.3.3
[10:18:59.512:INFO :JavaDemoApplication] No active profile set, falling back to default profiles: default
[10:18:59.512:DEBUG:SpringApplication] Loading source class com.example.demo.JavaDemoApplication
[10:18:59.548:DEBUG:ChangeableUrls] Matching URLs for reloading : [file:/Users/kakaobank/Downloads/javaDemo/build/classes/java/main/, file:/Users/kakaobank/Downloads/javaDemo/build/resources/main/]
[10:18:59.548:DEBUG:DevToolsSettings] Included patterns for restart : []
[10:18:59.548:DEBUG:DevToolsSettings] Excluded patterns for restart : [/spring-boot-actuator/(bin|build|out)/, /spring-boot-devtools/(bin|build|out)/, /spring-boot/(bin|build|out)/, /spring-boot-starter-[\w-]+/, /spring-boot-autoconfigure/(bin|build|out)/, /spring-boot-starter/(bin|build|out)/]
[10:18:59.548:INFO :DevToolsPropertyDefaultsPostProcessor] Devtools property defaults active! Set 'spring.devtools.add-properties' to 'false' to disable
[10:18:59.548:INFO :DevToolsPropertyDefaultsPostProcessor] For additional web related logging consider setting the 'logging.level.web' property to 'DEBUG'
[10:18:59.549:DEBUG:AnnotationConfigServletWebServerApplicationContext] Refreshing org.springframework.boot.web.servlet.context.AnnotationConfigServletWebServerApplicationContext@207821dd
[10:18:59.563:DEBUG:DefaultListableBeanFactory] Creating shared instance of singleton bean 'org.springframework.context.annotation.internalConfigurationAnnotationProcessor'
[10:18:59.572:DEBUG:DefaultListableBeanFactory] Creating shared instance of singleton bean 'org.springframework.boot.autoconfigure.internalCachingMetadataReaderFactory'
[10:18:59.626:DEBUG:ClassPathBeanDefinitionScanner] Identified candidate component class: file [/Users/kakaobank/Downloads/javaDemo/build/classes/java/main/com/example/demo/part/com/controller/OneController.class]
[10:18:59.627:DEBUG:ClassPathBeanDefinitionScanner] Identified candidate component class: file [/Users/kakaobank/Downloads/javaDemo/build/classes/java/main/com/example/demo/part/com/service/OneService.class]
[10:18:59.630:DEBUG:ClassPathBeanDefinitionScanner] Identified candidate component class: file [/Users/kakaobank/Downloads/javaDemo/build/classes/java/main/com/example/fwk/filter/ControllerAdvice.class]
[10:18:59.631:DEBUG:ClassPathBeanDefinitionScanner] Identified candidate component class: file [/Users/kakaobank/Downloads/javaDemo/build/classes/java/main/com/example/fwk/filter/ServiceAdvice.class]
[10:18:59.755:DEBUG:PropertySourcesPropertyResolver] Found key 'spring.template.provider.cache' in PropertySource 'configurationProperties' with value of type String
[10:18:59.767:DEBUG:PropertySourcesPropertyResolver] Found key 'spring.jmx.enabled' in PropertySource 'configurationProperties' with value of type String
[10:18:59.768:DEBUG:PropertySourcesPropertyResolver] Found key 'spring.application.admin.enabled' in PropertySource 'configurationProperties' with value of type String
[10:18:59.845:DEBUG:PropertySourcesPropertyResolver] Found key 'spring.template.provider.cache' in PropertySource 'configurationProperties' with value of type String
[10:18:59.899:DEBUG:PropertySourcesPropertyResolver] Found key 'spring.jmx.enabled' in PropertySource 'configurationProperties' with value of type String
[10:18:59.904:DEBUG:PropertySourcesPropertyResolver] Found key 'spring.application.admin.enabled' in PropertySource 'configurationProperties' with value of type String
[10:18:59.986:DEBUG:DefaultListableBeanFactory] Creating shared instance of singleton bean 'propertySourcesPlaceholderConfigurer'
[10:18:59.990:DEBUG:DefaultListableBeanFactory] Creating shared instance of singleton bean 'org.springframework.context.event.internalEventListenerProcessor'
[10:18:59.991:DEBUG:DefaultListableBeanFactory] Creating shared instance of singleton bean 'preserveErrorControllerTargetClassPostProcessor'
[10:18:59.991:DEBUG:DefaultListableBeanFactory] Creating shared instance of singleton bean 'org.springframework.context.event.internalEventListenerFactory'
[10:18:59.993:DEBUG:DefaultListableBeanFactory] Creating shared instance of singleton bean 'org.springframework.context.annotation.internalAutowiredAnnotationProcessor'
[10:18:59.994:DEBUG:DefaultListableBeanFactory] Creating shared instance of singleton bean 'org.springframework.context.annotation.internalCommonAnnotationProcessor'
[10:18:59.996:DEBUG:DefaultListableBeanFactory] Creating shared instance of singleton bean 'org.springframework.boot.context.properties.ConfigurationPropertiesBindingPostProcessor'
[10:18:59.996:DEBUG:DefaultListableBeanFactory] Creating shared instance of singleton bean 'org.springframework.boot.context.internalConfigurationPropertiesBinder'
[10:18:59.996:DEBUG:DefaultListableBeanFactory] Creating shared instance of singleton bean 'org.springframework.boot.context.internalConfigurationPropertiesBinderFactory'
[10:18:59.997:DEBUG:DefaultListableBeanFactory] Creating shared instance of singleton bean 'org.springframework.aop.config.internalAutoProxyCreator'
[10:19:00.019:DEBUG:DefaultListableBeanFactory] Creating shared instance of singleton bean 'webServerFactoryCustomizerBeanPostProcessor'
[10:19:00.020:DEBUG:DefaultListableBeanFactory] Creating shared instance of singleton bean 'errorPageRegistrarBeanPostProcessor'
[10:19:00.022:DEBUG:UiApplicationContextUtils] Unable to locate ThemeSource with name 'themeSource': using default [org.springframework.ui.context.support.ResourceBundleThemeSource@73ebe0fc]
[10:19:00.022:DEBUG:DefaultListableBeanFactory] Creating shared instance of singleton bean 'tomcatServletWebServerFactory'
[10:19:00.036:DEBUG:ReflectiveAspectJAdvisorFactory] Found AspectJ method: public java.lang.Object com.example.fwk.filter.ControllerAdvice.around(org.aspectj.lang.ProceedingJoinPoint)
[10:19:00.038:DEBUG:ReflectiveAspectJAdvisorFactory] Found AspectJ method: public void com.example.fwk.filter.ControllerAdvice.before()
[10:19:00.039:DEBUG:ReflectiveAspectJAdvisorFactory] Found AspectJ method: public void com.example.fwk.filter.ControllerAdvice.after()
[10:19:00.040:DEBUG:ReflectiveAspectJAdvisorFactory] Found AspectJ method: public java.lang.Object com.example.fwk.filter.ServiceAdvice.around(org.aspectj.lang.ProceedingJoinPoint)
[10:19:00.047:DEBUG:DefaultListableBeanFactory] Creating shared instance of singleton bean 'org.springframework.boot.autoconfigure.web.servlet.ServletWebServerFactoryConfiguration$EmbeddedTomcat'
[10:19:00.119:DEBUG:DefaultListableBeanFactory] Creating shared instance of singleton bean 'websocketServletWebServerCustomizer'
[10:19:00.119:DEBUG:DefaultListableBeanFactory] Creating shared instance of singleton bean 'org.springframework.boot.autoconfigure.websocket.servlet.WebSocketServletAutoConfiguration$TomcatWebSocketConfiguration'
[10:19:00.125:DEBUG:DefaultListableBeanFactory] Creating shared instance of singleton bean 'servletWebServerFactoryCustomizer'
[10:19:00.125:DEBUG:DefaultListableBeanFactory] Creating shared instance of singleton bean 'org.springframework.boot.autoconfigure.web.servlet.ServletWebServerFactoryAutoConfiguration'
[10:19:00.128:DEBUG:DefaultListableBeanFactory] Creating shared instance of singleton bean 'server-org.springframework.boot.autoconfigure.web.ServerProperties'
[10:19:00.133:DEBUG:DefaultListableBeanFactory] Creating shared instance of singleton bean 'org.springframework.boot.context.properties.BoundConfigurationProperties'
[10:19:00.152:DEBUG:DefaultListableBeanFactory] Autowiring by type from bean name 'servletWebServerFactoryCustomizer' via factory method to bean named 'server-org.springframework.boot.autoconfigure.web.ServerProperties'
[10:19:00.154:DEBUG:DefaultListableBeanFactory] Creating shared instance of singleton bean 'tomcatServletWebServerFactoryCustomizer'
[10:19:00.155:DEBUG:DefaultListableBeanFactory] Autowiring by type from bean name 'tomcatServletWebServerFactoryCustomizer' via factory method to bean named 'server-org.springframework.boot.autoconfigure.web.ServerProperties'
[10:19:00.158:DEBUG:DefaultListableBeanFactory] Creating shared instance of singleton bean 'tomcatWebServerFactoryCustomizer'
[10:19:00.158:DEBUG:DefaultListableBeanFactory] Creating shared instance of singleton bean 'org.springframework.boot.autoconfigure.web.embedded.EmbeddedWebServerFactoryCustomizerAutoConfiguration$TomcatWebServerFactoryCustomizerConfiguration'
[10:19:00.160:DEBUG:DefaultListableBeanFactory] Autowiring by type from bean name 'tomcatWebServerFactoryCustomizer' via factory method to bean named 'environment'
[10:19:00.161:DEBUG:DefaultListableBeanFactory] Autowiring by type from bean name 'tomcatWebServerFactoryCustomizer' via factory method to bean named 'server-org.springframework.boot.autoconfigure.web.ServerProperties'
[10:19:00.168:DEBUG:DefaultListableBeanFactory] Creating shared instance of singleton bean 'localeCharsetMappingsCustomizer'
[10:19:00.168:DEBUG:DefaultListableBeanFactory] Creating shared instance of singleton bean 'org.springframework.boot.autoconfigure.web.servlet.HttpEncodingAutoConfiguration'
[10:19:00.170:DEBUG:DefaultListableBeanFactory] Autowiring by type from bean name 'org.springframework.boot.autoconfigure.web.servlet.HttpEncodingAutoConfiguration' via constructor to bean named 'server-org.springframework.boot.autoconfigure.web.ServerProperties'
[10:19:00.190:DEBUG:DefaultListableBeanFactory] Creating shared instance of singleton bean 'errorPageCustomizer'
[10:19:00.190:DEBUG:DefaultListableBeanFactory] Creating shared instance of singleton bean 'org.springframework.boot.autoconfigure.web.servlet.error.ErrorMvcAutoConfiguration'
[10:19:00.191:DEBUG:DefaultListableBeanFactory] Autowiring by type from bean name 'org.springframework.boot.autoconfigure.web.servlet.error.ErrorMvcAutoConfiguration' via constructor to bean named 'server-org.springframework.boot.autoconfigure.web.ServerProperties'
[10:19:00.193:DEBUG:DefaultListableBeanFactory] Creating shared instance of singleton bean 'dispatcherServletRegistration'
[10:19:00.193:DEBUG:DefaultListableBeanFactory] Creating shared instance of singleton bean 'org.springframework.boot.autoconfigure.web.servlet.DispatcherServletAutoConfiguration$DispatcherServletRegistrationConfiguration'
[10:19:00.194:DEBUG:DefaultListableBeanFactory] Creating shared instance of singleton bean 'dispatcherServlet'
[10:19:00.194:DEBUG:DefaultListableBeanFactory] Creating shared instance of singleton bean 'org.springframework.boot.autoconfigure.web.servlet.DispatcherServletAutoConfiguration$DispatcherServletConfiguration'
[10:19:00.195:DEBUG:DefaultListableBeanFactory] Creating shared instance of singleton bean 'spring.mvc-org.springframework.boot.autoconfigure.web.servlet.WebMvcProperties'
[10:19:00.199:DEBUG:DefaultListableBeanFactory] Autowiring by type from bean name 'dispatcherServlet' via factory method to bean named 'spring.mvc-org.springframework.boot.autoconfigure.web.servlet.WebMvcProperties'
[10:19:00.223:DEBUG:DefaultListableBeanFactory] Autowiring by type from bean name 'dispatcherServletRegistration' via factory method to bean named 'dispatcherServlet'
[10:19:00.223:DEBUG:DefaultListableBeanFactory] Autowiring by type from bean name 'dispatcherServletRegistration' via factory method to bean named 'spring.mvc-org.springframework.boot.autoconfigure.web.servlet.WebMvcProperties'
[10:19:00.224:DEBUG:DefaultListableBeanFactory] Creating shared instance of singleton bean 'multipartConfigElement'
[10:19:00.224:DEBUG:DefaultListableBeanFactory] Creating shared instance of singleton bean 'org.springframework.boot.autoconfigure.web.servlet.MultipartAutoConfiguration'
[10:19:00.225:DEBUG:DefaultListableBeanFactory] Creating shared instance of singleton bean 'spring.servlet.multipart-org.springframework.boot.autoconfigure.web.servlet.MultipartProperties'
[10:19:00.228:DEBUG:DefaultListableBeanFactory] Autowiring by type from bean name 'org.springframework.boot.autoconfigure.web.servlet.MultipartAutoConfiguration' via constructor to bean named 'spring.servlet.multipart-org.springframework.boot.autoconfigure.web.servlet.MultipartProperties'
[10:19:00.239:DEBUG:DefaultListableBeanFactory] Autowiring by type from bean name 'errorPageCustomizer' via factory method to bean named 'dispatcherServletRegistration'
[10:19:00.304:DEBUG:TomcatServletWebServerFactory] Code archive: /Users/kakaobank/.gradle/caches/modules-2/files-2.1/org.springframework.boot/spring-boot/2.4.2/cefca979ab386988d4505b8346306d95fc3bddb8/spring-boot-2.4.2.jar
[10:19:00.304:DEBUG:TomcatServletWebServerFactory] Code archive: /Users/kakaobank/.gradle/caches/modules-2/files-2.1/org.springframework.boot/spring-boot/2.4.2/cefca979ab386988d4505b8346306d95fc3bddb8/spring-boot-2.4.2.jar
[10:19:00.304:DEBUG:TomcatServletWebServerFactory] None of the document roots [src/main/webapp, public, static] point to a directory and will be ignored.
[10:19:00.353:INFO :TomcatWebServer] Tomcat initialized with port(s): 8080 (http)
[10:19:00.359:INFO :Http11NioProtocol] Initializing ProtocolHandler ["http-nio-8080"]
[10:19:00.359:INFO :StandardService] Starting service [Tomcat]
[10:19:00.359:INFO :StandardEngine] Starting Servlet engine: [Apache Tomcat/9.0.41]
[10:19:00.404:INFO :[/]] Initializing Spring embedded WebApplicationContext
[10:19:00.405:DEBUG:ServletWebServerApplicationContext] Published root WebApplicationContext as ServletContext attribute with name [org.springframework.web.context.WebApplicationContext.ROOT]
[10:19:00.405:INFO :ServletWebServerApplicationContext] Root WebApplicationContext: initialization completed in 856 ms
[10:19:00.407:DEBUG:DefaultListableBeanFactory] Creating shared instance of singleton bean 'requestContextFilter'
[10:19:00.414:DEBUG:DefaultListableBeanFactory] Creating shared instance of singleton bean 'formContentFilter'
[10:19:00.414:DEBUG:DefaultListableBeanFactory] Creating shared instance of singleton bean 'org.springframework.boot.autoconfigure.web.servlet.WebMvcAutoConfiguration'
[10:19:00.420:DEBUG:DefaultListableBeanFactory] Creating shared instance of singleton bean 'characterEncodingFilter'
[10:19:00.431:DEBUG:ServletContextInitializerBeans] Mapping filters: characterEncodingFilter urls=[/*] order=-2147483648, formContentFilter urls=[/*] order=-9900, requestContextFilter urls=[/*] order=-105
[10:19:00.432:DEBUG:ServletContextInitializerBeans] Mapping servlets: dispatcherServlet urls=[/]
[10:19:00.450:DEBUG:OrderedRequestContextFilter] Filter 'requestContextFilter' configured for use
[10:19:00.450:DEBUG:OrderedCharacterEncodingFilter] Filter 'characterEncodingFilter' configured for use
[10:19:00.451:DEBUG:OrderedFormContentFilter] Filter 'formContentFilter' configured for use
[10:19:00.461:DEBUG:DefaultListableBeanFactory] Creating shared instance of singleton bean 'javaDemoApplication'
[10:19:00.463:DEBUG:DefaultListableBeanFactory] Creating shared instance of singleton bean 'oneController'
[10:19:00.467:DEBUG:DefaultListableBeanFactory] Creating shared instance of singleton bean 'oneService'
[10:19:00.497:DEBUG:DefaultListableBeanFactory] Creating shared instance of singleton bean 'controllerAdvice'
[10:19:00.499:DEBUG:DefaultListableBeanFactory] Creating shared instance of singleton bean 'serviceAdvice'
[10:19:00.500:DEBUG:DefaultListableBeanFactory] Creating shared instance of singleton bean 'org.springframework.boot.autoconfigure.AutoConfigurationPackages'
[10:19:00.501:DEBUG:DefaultListableBeanFactory] Creating shared instance of singleton bean 'org.springframework.boot.autoconfigure.context.PropertyPlaceholderAutoConfiguration'
[10:19:00.502:DEBUG:DefaultListableBeanFactory] Creating shared instance of singleton bean 'org.springframework.boot.autoconfigure.websocket.servlet.WebSocketServletAutoConfiguration'
[10:19:00.502:DEBUG:DefaultListableBeanFactory] Creating shared instance of singleton bean 'org.springframework.boot.context.properties.EnableConfigurationPropertiesRegistrar.methodValidationExcludeFilter'
[10:19:00.506:DEBUG:DefaultListableBeanFactory] Creating shared instance of singleton bean 'org.springframework.boot.autoconfigure.web.servlet.DispatcherServletAutoConfiguration'
[10:19:00.508:DEBUG:DefaultListableBeanFactory] Creating shared instance of singleton bean 'org.springframework.boot.autoconfigure.task.TaskExecutionAutoConfiguration'
[10:19:00.509:DEBUG:DefaultListableBeanFactory] Creating shared instance of singleton bean 'taskExecutorBuilder'
[10:19:00.510:DEBUG:DefaultListableBeanFactory] Creating shared instance of singleton bean 'spring.task.execution-org.springframework.boot.autoconfigure.task.TaskExecutionProperties'
[10:19:00.512:DEBUG:DefaultListableBeanFactory] Autowiring by type from bean name 'taskExecutorBuilder' via factory method to bean named 'spring.task.execution-org.springframework.boot.autoconfigure.task.TaskExecutionProperties'
[10:19:00.515:DEBUG:DefaultListableBeanFactory] Creating shared instance of singleton bean 'org.springframework.boot.autoconfigure.web.servlet.error.ErrorMvcAutoConfiguration$WhitelabelErrorViewConfiguration'
[10:19:00.516:DEBUG:DefaultListableBeanFactory] Creating shared instance of singleton bean 'error'
[10:19:00.521:DEBUG:DefaultListableBeanFactory] Creating shared instance of singleton bean 'beanNameViewResolver'
[10:19:00.524:DEBUG:DefaultListableBeanFactory] Creating shared instance of singleton bean 'org.springframework.boot.autoconfigure.web.servlet.error.ErrorMvcAutoConfiguration$DefaultErrorViewResolverConfiguration'
[10:19:00.525:DEBUG:DefaultListableBeanFactory] Creating shared instance of singleton bean 'spring.resources-org.springframework.boot.autoconfigure.web.ResourceProperties'
[10:19:00.530:DEBUG:DefaultListableBeanFactory] Creating shared instance of singleton bean 'spring.web-org.springframework.boot.autoconfigure.web.WebProperties'
[10:19:00.537:DEBUG:DefaultListableBeanFactory] Autowiring by type from bean name 'org.springframework.boot.autoconfigure.web.servlet.error.ErrorMvcAutoConfiguration$DefaultErrorViewResolverConfiguration' via constructor to bean named 'org.springframework.boot.web.servlet.context.AnnotationConfigServletWebServerApplicationContext@207821dd'
[10:19:00.538:DEBUG:DefaultListableBeanFactory] Autowiring by type from bean name 'org.springframework.boot.autoconfigure.web.servlet.error.ErrorMvcAutoConfiguration$DefaultErrorViewResolverConfiguration' via constructor to bean named 'spring.resources-org.springframework.boot.autoconfigure.web.ResourceProperties'
[10:19:00.538:DEBUG:DefaultListableBeanFactory] Autowiring by type from bean name 'org.springframework.boot.autoconfigure.web.servlet.error.ErrorMvcAutoConfiguration$DefaultErrorViewResolverConfiguration' via constructor to bean named 'spring.web-org.springframework.boot.autoconfigure.web.WebProperties'
[10:19:00.538:DEBUG:DefaultListableBeanFactory] Creating shared instance of singleton bean 'conventionErrorViewResolver'
[10:19:00.541:DEBUG:DefaultListableBeanFactory] Creating shared instance of singleton bean 'errorAttributes'
[10:19:00.544:DEBUG:DefaultListableBeanFactory] Creating shared instance of singleton bean 'basicErrorController'
[10:19:00.544:DEBUG:DefaultListableBeanFactory] Autowiring by type from bean name 'basicErrorController' via factory method to bean named 'errorAttributes'
[10:19:00.548:DEBUG:DefaultListableBeanFactory] Creating shared instance of singleton bean 'org.springframework.boot.autoconfigure.web.servlet.WebMvcAutoConfiguration$EnableWebMvcConfiguration'
[10:19:00.549:DEBUG:DefaultListableBeanFactory] Autowiring by type from bean name 'org.springframework.boot.autoconfigure.web.servlet.WebMvcAutoConfiguration$EnableWebMvcConfiguration' via constructor to bean named 'spring.resources-org.springframework.boot.autoconfigure.web.ResourceProperties'
[10:19:00.550:DEBUG:DefaultListableBeanFactory] Autowiring by type from bean name 'org.springframework.boot.autoconfigure.web.servlet.WebMvcAutoConfiguration$EnableWebMvcConfiguration' via constructor to bean named 'spring.mvc-org.springframework.boot.autoconfigure.web.servlet.WebMvcProperties'
[10:19:00.550:DEBUG:DefaultListableBeanFactory] Autowiring by type from bean name 'org.springframework.boot.autoconfigure.web.servlet.WebMvcAutoConfiguration$EnableWebMvcConfiguration' via constructor to bean named 'spring.web-org.springframework.boot.autoconfigure.web.WebProperties'
[10:19:00.550:DEBUG:DefaultListableBeanFactory] Autowiring by type from bean name 'org.springframework.boot.autoconfigure.web.servlet.WebMvcAutoConfiguration$EnableWebMvcConfiguration' via constructor to bean named 'org.springframework.beans.factory.support.DefaultListableBeanFactory@68319cc3'
[10:19:00.557:DEBUG:DefaultListableBeanFactory] Creating shared instance of singleton bean 'org.springframework.boot.autoconfigure.web.servlet.WebMvcAutoConfiguration$WebMvcAutoConfigurationAdapter'
[10:19:00.558:DEBUG:DefaultListableBeanFactory] Autowiring by type from bean name 'org.springframework.boot.autoconfigure.web.servlet.WebMvcAutoConfiguration$WebMvcAutoConfigurationAdapter' via constructor to bean named 'spring.web-org.springframework.boot.autoconfigure.web.WebProperties'
[10:19:00.558:DEBUG:DefaultListableBeanFactory] Autowiring by type from bean name 'org.springframework.boot.autoconfigure.web.servlet.WebMvcAutoConfiguration$WebMvcAutoConfigurationAdapter' via constructor to bean named 'spring.mvc-org.springframework.boot.autoconfigure.web.servlet.WebMvcProperties'
[10:19:00.558:DEBUG:DefaultListableBeanFactory] Autowiring by type from bean name 'org.springframework.boot.autoconfigure.web.servlet.WebMvcAutoConfiguration$WebMvcAutoConfigurationAdapter' via constructor to bean named 'org.springframework.beans.factory.support.DefaultListableBeanFactory@68319cc3'
[10:19:00.573:DEBUG:DefaultListableBeanFactory] Creating shared instance of singleton bean 'requestMappingHandlerAdapter'
[10:19:00.575:DEBUG:DefaultListableBeanFactory] Creating shared instance of singleton bean 'mvcContentNegotiationManager'
[10:19:00.583:DEBUG:DefaultListableBeanFactory] Creating shared instance of singleton bean 'mvcConversionService'
[10:19:00.609:DEBUG:DefaultListableBeanFactory] Creating shared instance of singleton bean 'mvcValidator'
[10:19:00.611:DEBUG:DefaultListableBeanFactory] Autowiring by type from bean name 'requestMappingHandlerAdapter' via factory method to bean named 'mvcContentNegotiationManager'
[10:19:00.612:DEBUG:DefaultListableBeanFactory] Autowiring by type from bean name 'requestMappingHandlerAdapter' via factory method to bean named 'mvcConversionService'
[10:19:00.612:DEBUG:DefaultListableBeanFactory] Autowiring by type from bean name 'requestMappingHandlerAdapter' via factory method to bean named 'mvcValidator'
[10:19:00.617:DEBUG:DefaultListableBeanFactory] Autowiring by type from bean name 'requestMappingHandlerAdapter' via factory method to bean named 'mvcContentNegotiationManager'
[10:19:00.617:DEBUG:DefaultListableBeanFactory] Autowiring by type from bean name 'requestMappingHandlerAdapter' via factory method to bean named 'mvcConversionService'
[10:19:00.617:DEBUG:DefaultListableBeanFactory] Autowiring by type from bean name 'requestMappingHandlerAdapter' via factory method to bean named 'mvcValidator'
[10:19:00.624:DEBUG:DefaultListableBeanFactory] Creating shared instance of singleton bean 'messageConverters'
[10:19:00.625:DEBUG:DefaultListableBeanFactory] Creating shared instance of singleton bean 'org.springframework.boot.autoconfigure.http.HttpMessageConvertersAutoConfiguration'
[10:19:00.629:DEBUG:DefaultListableBeanFactory] Creating shared instance of singleton bean 'stringHttpMessageConverter'
[10:19:00.631:DEBUG:DefaultListableBeanFactory] Creating shared instance of singleton bean 'org.springframework.boot.autoconfigure.http.HttpMessageConvertersAutoConfiguration$StringHttpMessageConverterConfiguration'
[10:19:00.634:DEBUG:DefaultListableBeanFactory] Autowiring by type from bean name 'stringHttpMessageConverter' via factory method to bean named 'environment'
[10:19:00.652:DEBUG:DefaultListableBeanFactory] Creating shared instance of singleton bean 'mappingJackson2HttpMessageConverter'
[10:19:00.653:DEBUG:DefaultListableBeanFactory] Creating shared instance of singleton bean 'org.springframework.boot.autoconfigure.http.JacksonHttpMessageConvertersConfiguration$MappingJackson2HttpMessageConverterConfiguration'
[10:19:00.655:DEBUG:DefaultListableBeanFactory] Creating shared instance of singleton bean 'jacksonObjectMapper'
[10:19:00.655:DEBUG:DefaultListableBeanFactory] Creating shared instance of singleton bean 'org.springframework.boot.autoconfigure.jackson.JacksonAutoConfiguration$JacksonObjectMapperConfiguration'
[10:19:00.656:DEBUG:DefaultListableBeanFactory] Creating shared instance of singleton bean 'org.springframework.boot.autoconfigure.jackson.JacksonAutoConfiguration$JacksonObjectMapperBuilderConfiguration'
[10:19:00.658:DEBUG:DefaultListableBeanFactory] Creating shared instance of singleton bean 'standardJacksonObjectMapperBuilderCustomizer'
[10:19:00.658:DEBUG:DefaultListableBeanFactory] Creating shared instance of singleton bean 'org.springframework.boot.autoconfigure.jackson.JacksonAutoConfiguration$Jackson2ObjectMapperBuilderCustomizerConfiguration'
[10:19:00.659:DEBUG:DefaultListableBeanFactory] Creating shared instance of singleton bean 'spring.jackson-org.springframework.boot.autoconfigure.jackson.JacksonProperties'
[10:19:00.665:DEBUG:DefaultListableBeanFactory] Autowiring by type from bean name 'standardJacksonObjectMapperBuilderCustomizer' via factory method to bean named 'org.springframework.boot.web.servlet.context.AnnotationConfigServletWebServerApplicationContext@207821dd'
[10:19:00.665:DEBUG:DefaultListableBeanFactory] Autowiring by type from bean name 'standardJacksonObjectMapperBuilderCustomizer' via factory method to bean named 'spring.jackson-org.springframework.boot.autoconfigure.jackson.JacksonProperties'
[10:19:00.669:DEBUG:DefaultListableBeanFactory] Autowiring by type from bean name 'jacksonObjectMapperBuilder' via factory method to bean named 'org.springframework.boot.web.servlet.context.AnnotationConfigServletWebServerApplicationContext@207821dd'
[10:19:00.671:DEBUG:DefaultListableBeanFactory] Autowiring by type from bean name 'jacksonObjectMapperBuilder' via factory method to bean named 'standardJacksonObjectMapperBuilderCustomizer'
[10:19:00.674:DEBUG:DefaultListableBeanFactory] Creating shared instance of singleton bean 'parameterNamesModule'
[10:19:00.675:DEBUG:DefaultListableBeanFactory] Creating shared instance of singleton bean 'org.springframework.boot.autoconfigure.jackson.JacksonAutoConfiguration$ParameterNamesModuleConfiguration'
[10:19:00.685:DEBUG:DefaultListableBeanFactory] Creating shared instance of singleton bean 'jsonComponentModule'
[10:19:00.686:DEBUG:DefaultListableBeanFactory] Creating shared instance of singleton bean 'org.springframework.boot.autoconfigure.jackson.JacksonAutoConfiguration'
[10:19:00.702:DEBUG:DefaultListableBeanFactory] Autowiring by type from bean name 'jacksonObjectMapper' via factory method to bean named 'jacksonObjectMapperBuilder'
[10:19:00.759:DEBUG:DefaultListableBeanFactory] Autowiring by type from bean name 'mappingJackson2HttpMessageConverter' via factory method to bean named 'jacksonObjectMapper'
[10:19:00.777:DEBUG:DefaultListableBeanFactory] Creating shared instance of singleton bean 'applicationTaskExecutor'
[10:19:00.777:DEBUG:DefaultListableBeanFactory] Autowiring by type from bean name 'applicationTaskExecutor' via factory method to bean named 'taskExecutorBuilder'
[10:19:00.780:INFO :ThreadPoolTaskExecutor] Initializing ExecutorService 'applicationTaskExecutor'
[10:19:00.793:DEBUG:RequestMappingHandlerAdapter] ControllerAdvice beans: 0 @ModelAttribute, 0 @InitBinder, 1 RequestBodyAdvice, 1 ResponseBodyAdvice
[10:19:00.812:DEBUG:DefaultListableBeanFactory] Creating shared instance of singleton bean 'requestMappingHandlerMapping'
[10:19:00.813:DEBUG:DefaultListableBeanFactory] Creating shared instance of singleton bean 'mvcResourceUrlProvider'
[10:19:00.818:DEBUG:DefaultListableBeanFactory] Autowiring by type from bean name 'requestMappingHandlerMapping' via factory method to bean named 'mvcContentNegotiationManager'
[10:19:00.819:DEBUG:DefaultListableBeanFactory] Autowiring by type from bean name 'requestMappingHandlerMapping' via factory method to bean named 'mvcConversionService'
[10:19:00.819:DEBUG:DefaultListableBeanFactory] Autowiring by type from bean name 'requestMappingHandlerMapping' via factory method to bean named 'mvcResourceUrlProvider'
[10:19:00.820:DEBUG:DefaultListableBeanFactory] Autowiring by type from bean name 'requestMappingHandlerMapping' via factory method to bean named 'mvcContentNegotiationManager'
[10:19:00.820:DEBUG:DefaultListableBeanFactory] Autowiring by type from bean name 'requestMappingHandlerMapping' via factory method to bean named 'mvcConversionService'
[10:19:00.820:DEBUG:DefaultListableBeanFactory] Autowiring by type from bean name 'requestMappingHandlerMapping' via factory method to bean named 'mvcResourceUrlProvider'
[10:19:00.845:DEBUG:RequestMappingHandlerMapping] 3 mappings in 'requestMappingHandlerMapping'
[10:19:00.865:DEBUG:DefaultListableBeanFactory] Creating shared instance of singleton bean 'welcomePageHandlerMapping'
[10:19:00.866:DEBUG:DefaultListableBeanFactory] Autowiring by type from bean name 'welcomePageHandlerMapping' via factory method to bean named 'org.springframework.boot.web.servlet.context.AnnotationConfigServletWebServerApplicationContext@207821dd'
[10:19:00.866:DEBUG:DefaultListableBeanFactory] Autowiring by type from bean name 'welcomePageHandlerMapping' via factory method to bean named 'mvcConversionService'
[10:19:00.866:DEBUG:DefaultListableBeanFactory] Autowiring by type from bean name 'welcomePageHandlerMapping' via factory method to bean named 'mvcResourceUrlProvider'
[10:19:00.868:DEBUG:PropertySourcesPropertyResolver] Found key 'spring.template.provider.cache' in PropertySource 'configurationProperties' with value of type String
[10:19:00.874:DEBUG:DefaultListableBeanFactory] Creating shared instance of singleton bean 'localeResolver'
[10:19:00.876:DEBUG:DefaultListableBeanFactory] Creating shared instance of singleton bean 'themeResolver'
[10:19:00.877:DEBUG:DefaultListableBeanFactory] Creating shared instance of singleton bean 'flashMapManager'
[10:19:00.882:DEBUG:DefaultListableBeanFactory] Creating shared instance of singleton bean 'mvcUrlPathHelper'
[10:19:00.887:DEBUG:DefaultListableBeanFactory] Creating shared instance of singleton bean 'mvcPathMatcher'
[10:19:00.894:DEBUG:DefaultListableBeanFactory] Creating shared instance of singleton bean 'viewControllerHandlerMapping'
[10:19:00.895:DEBUG:DefaultListableBeanFactory] Autowiring by type from bean name 'viewControllerHandlerMapping' via factory method to bean named 'mvcConversionService'
[10:19:00.895:DEBUG:DefaultListableBeanFactory] Autowiring by type from bean name 'viewControllerHandlerMapping' via factory method to bean named 'mvcResourceUrlProvider'
[10:19:00.896:DEBUG:DefaultListableBeanFactory] Creating shared instance of singleton bean 'beanNameHandlerMapping'
[10:19:00.896:DEBUG:DefaultListableBeanFactory] Autowiring by type from bean name 'beanNameHandlerMapping' via factory method to bean named 'mvcConversionService'
[10:19:00.896:DEBUG:DefaultListableBeanFactory] Autowiring by type from bean name 'beanNameHandlerMapping' via factory method to bean named 'mvcResourceUrlProvider'
[10:19:00.900:DEBUG:DefaultListableBeanFactory] Creating shared instance of singleton bean 'routerFunctionMapping'
[10:19:00.901:DEBUG:DefaultListableBeanFactory] Autowiring by type from bean name 'routerFunctionMapping' via factory method to bean named 'mvcConversionService'
[10:19:00.902:DEBUG:DefaultListableBeanFactory] Autowiring by type from bean name 'routerFunctionMapping' via factory method to bean named 'mvcResourceUrlProvider'
[10:19:00.909:DEBUG:DefaultListableBeanFactory] Creating shared instance of singleton bean 'resourceHandlerMapping'
[10:19:00.910:DEBUG:DefaultListableBeanFactory] Autowiring by type from bean name 'resourceHandlerMapping' via factory method to bean named 'mvcContentNegotiationManager'
[10:19:00.910:DEBUG:DefaultListableBeanFactory] Autowiring by type from bean name 'resourceHandlerMapping' via factory method to bean named 'mvcConversionService'
[10:19:00.910:DEBUG:DefaultListableBeanFactory] Autowiring by type from bean name 'resourceHandlerMapping' via factory method to bean named 'mvcResourceUrlProvider'
[10:19:00.924:DEBUG:SimpleUrlHandlerMapping] Patterns [/webjars/**, /**] in 'resourceHandlerMapping'
[10:19:00.927:DEBUG:DefaultListableBeanFactory] Creating shared instance of singleton bean 'defaultServletHandlerMapping'
[10:19:00.928:DEBUG:DefaultListableBeanFactory] Creating shared instance of singleton bean 'handlerFunctionAdapter'
[10:19:00.930:DEBUG:DefaultListableBeanFactory] Creating shared instance of singleton bean 'mvcUriComponentsContributor'
[10:19:00.931:DEBUG:DefaultListableBeanFactory] Autowiring by type from bean name 'mvcUriComponentsContributor' via factory method to bean named 'mvcConversionService'
[10:19:00.931:DEBUG:DefaultListableBeanFactory] Autowiring by type from bean name 'mvcUriComponentsContributor' via factory method to bean named 'requestMappingHandlerAdapter'
[10:19:00.935:DEBUG:DefaultListableBeanFactory] Creating shared instance of singleton bean 'httpRequestHandlerAdapter'
[10:19:00.936:DEBUG:DefaultListableBeanFactory] Creating shared instance of singleton bean 'simpleControllerHandlerAdapter'
[10:19:00.939:DEBUG:DefaultListableBeanFactory] Creating shared instance of singleton bean 'handlerExceptionResolver'
[10:19:00.941:DEBUG:DefaultListableBeanFactory] Autowiring by type from bean name 'handlerExceptionResolver' via factory method to bean named 'mvcContentNegotiationManager'
[10:19:00.945:DEBUG:ExceptionHandlerExceptionResolver] ControllerAdvice beans: 0 @ExceptionHandler, 1 ResponseBodyAdvice
[10:19:00.948:DEBUG:DefaultListableBeanFactory] Creating shared instance of singleton bean 'mvcViewResolver'
[10:19:00.949:DEBUG:DefaultListableBeanFactory] Autowiring by type from bean name 'mvcViewResolver' via factory method to bean named 'mvcContentNegotiationManager'
[10:19:00.951:DEBUG:DefaultListableBeanFactory] Creating shared instance of singleton bean 'viewNameTranslator'
[10:19:00.952:DEBUG:DefaultListableBeanFactory] Creating shared instance of singleton bean 'defaultViewResolver'
[10:19:00.961:DEBUG:DefaultListableBeanFactory] Creating shared instance of singleton bean 'viewResolver'
[10:19:00.962:DEBUG:DefaultListableBeanFactory] Autowiring by type from bean name 'viewResolver' via factory method to bean named 'org.springframework.beans.factory.support.DefaultListableBeanFactory@68319cc3'
[10:19:00.965:DEBUG:DefaultListableBeanFactory] Creating shared instance of singleton bean 'org.springframework.boot.autoconfigure.jmx.JmxAutoConfiguration'
[10:19:00.966:DEBUG:DefaultListableBeanFactory] Autowiring by type from bean name 'org.springframework.boot.autoconfigure.jmx.JmxAutoConfiguration' via constructor to bean named 'environment'
[10:19:00.967:DEBUG:DefaultListableBeanFactory] Creating shared instance of singleton bean 'mbeanExporter'
[10:19:00.967:DEBUG:DefaultListableBeanFactory] Creating shared instance of singleton bean 'objectNamingStrategy'
[10:19:00.970:DEBUG:DefaultListableBeanFactory] Autowiring by type from bean name 'mbeanExporter' via factory method to bean named 'objectNamingStrategy'
[10:19:00.970:DEBUG:DefaultListableBeanFactory] Autowiring by type from bean name 'mbeanExporter' via factory method to bean named 'org.springframework.beans.factory.support.DefaultListableBeanFactory@68319cc3'
[10:19:00.973:DEBUG:DefaultListableBeanFactory] Creating shared instance of singleton bean 'mbeanServer'
[10:19:00.976:DEBUG:JmxUtils] Found MBeanServer: com.sun.jmx.mbeanserver.JmxMBeanServer@15aeb7ab
[10:19:00.995:DEBUG:DefaultListableBeanFactory] Creating shared instance of singleton bean 'org.springframework.boot.autoconfigure.admin.SpringApplicationAdminJmxAutoConfiguration'
[10:19:00.996:DEBUG:DefaultListableBeanFactory] Creating shared instance of singleton bean 'springApplicationAdminRegistrar'
[10:19:00.996:DEBUG:DefaultListableBeanFactory] Autowiring by type from bean name 'springApplicationAdminRegistrar' via factory method to bean named 'environment'
[10:19:00.998:DEBUG:SpringApplicationAdminMXBeanRegistrar$SpringApplicationAdmin] Application Admin MBean registered with name 'org.springframework.boot:type=Admin,name=SpringApplication'
[10:19:01.002:DEBUG:DefaultListableBeanFactory] Creating shared instance of singleton bean 'org.springframework.boot.autoconfigure.aop.AopAutoConfiguration$AspectJAutoProxyingConfiguration$CglibAutoProxyConfiguration'
[10:19:01.002:DEBUG:DefaultListableBeanFactory] Creating shared instance of singleton bean 'org.springframework.boot.autoconfigure.aop.AopAutoConfiguration$AspectJAutoProxyingConfiguration'
[10:19:01.003:DEBUG:DefaultListableBeanFactory] Creating shared instance of singleton bean 'org.springframework.boot.autoconfigure.aop.AopAutoConfiguration'
[10:19:01.003:DEBUG:DefaultListableBeanFactory] Creating shared instance of singleton bean 'org.springframework.boot.autoconfigure.availability.ApplicationAvailabilityAutoConfiguration'
[10:19:01.004:DEBUG:DefaultListableBeanFactory] Creating shared instance of singleton bean 'applicationAvailability'
[10:19:01.010:DEBUG:DefaultListableBeanFactory] Creating shared instance of singleton bean 'org.springframework.boot.autoconfigure.context.ConfigurationPropertiesAutoConfiguration'
[10:19:01.010:DEBUG:DefaultListableBeanFactory] Creating shared instance of singleton bean 'org.springframework.boot.autoconfigure.context.LifecycleAutoConfiguration'
[10:19:01.011:DEBUG:DefaultListableBeanFactory] Creating shared instance of singleton bean 'lifecycleProcessor'
[10:19:01.011:DEBUG:DefaultListableBeanFactory] Creating shared instance of singleton bean 'spring.lifecycle-org.springframework.boot.autoconfigure.context.LifecycleProperties'
[10:19:01.012:DEBUG:DefaultListableBeanFactory] Autowiring by type from bean name 'lifecycleProcessor' via factory method to bean named 'spring.lifecycle-org.springframework.boot.autoconfigure.context.LifecycleProperties'
[10:19:01.015:DEBUG:DefaultListableBeanFactory] Creating shared instance of singleton bean 'org.springframework.boot.autoconfigure.http.JacksonHttpMessageConvertersConfiguration'
[10:19:01.016:DEBUG:DefaultListableBeanFactory] Creating shared instance of singleton bean 'org.springframework.boot.autoconfigure.info.ProjectInfoAutoConfiguration'
[10:19:01.019:DEBUG:DefaultListableBeanFactory] Creating shared instance of singleton bean 'spring.info-org.springframework.boot.autoconfigure.info.ProjectInfoProperties'
[10:19:01.020:DEBUG:DefaultListableBeanFactory] Autowiring by type from bean name 'org.springframework.boot.autoconfigure.info.ProjectInfoAutoConfiguration' via constructor to bean named 'spring.info-org.springframework.boot.autoconfigure.info.ProjectInfoProperties'
[10:19:01.021:DEBUG:DefaultListableBeanFactory] Creating shared instance of singleton bean 'org.springframework.boot.autoconfigure.task.TaskSchedulingAutoConfiguration'
[10:19:01.022:DEBUG:DefaultListableBeanFactory] Creating shared instance of singleton bean 'taskSchedulerBuilder'
[10:19:01.023:DEBUG:DefaultListableBeanFactory] Creating shared instance of singleton bean 'spring.task.scheduling-org.springframework.boot.autoconfigure.task.TaskSchedulingProperties'
[10:19:01.024:DEBUG:DefaultListableBeanFactory] Autowiring by type from bean name 'taskSchedulerBuilder' via factory method to bean named 'spring.task.scheduling-org.springframework.boot.autoconfigure.task.TaskSchedulingProperties'
[10:19:01.025:DEBUG:DefaultListableBeanFactory] Creating shared instance of singleton bean 'org.springframework.boot.autoconfigure.web.client.RestTemplateAutoConfiguration'
[10:19:01.026:DEBUG:DefaultListableBeanFactory] Creating shared instance of singleton bean 'org.springframework.boot.autoconfigure.web.embedded.EmbeddedWebServerFactoryCustomizerAutoConfiguration'
[10:19:01.027:DEBUG:DefaultListableBeanFactory] Creating shared instance of singleton bean 'multipartResolver'
[10:19:01.028:DEBUG:DefaultListableBeanFactory] Creating shared instance of singleton bean 'org.springframework.boot.devtools.autoconfigure.LocalDevToolsAutoConfiguration$RestartConfiguration'
[10:19:01.029:DEBUG:DefaultListableBeanFactory] Creating shared instance of singleton bean 'spring.devtools-org.springframework.boot.devtools.autoconfigure.DevToolsProperties'
[10:19:01.031:DEBUG:DefaultListableBeanFactory] Autowiring by type from bean name 'org.springframework.boot.devtools.autoconfigure.LocalDevToolsAutoConfiguration$RestartConfiguration' via constructor to bean named 'spring.devtools-org.springframework.boot.devtools.autoconfigure.DevToolsProperties'
[10:19:01.032:DEBUG:DefaultListableBeanFactory] Creating shared instance of singleton bean 'restartingClassPathChangedEventListener'
[10:19:01.032:DEBUG:DefaultListableBeanFactory] Creating shared instance of singleton bean 'fileSystemWatcherFactory'
[10:19:01.036:DEBUG:DefaultListableBeanFactory] Autowiring by type from bean name 'restartingClassPathChangedEventListener' via factory method to bean named 'fileSystemWatcherFactory'
[10:19:01.041:DEBUG:DefaultListableBeanFactory] Creating shared instance of singleton bean 'classPathFileSystemWatcher'
[10:19:01.042:DEBUG:DefaultListableBeanFactory] Creating shared instance of singleton bean 'classPathRestartStrategy'
[10:19:01.044:DEBUG:DefaultListableBeanFactory] Autowiring by type from bean name 'classPathFileSystemWatcher' via factory method to bean named 'fileSystemWatcherFactory'
[10:19:01.044:DEBUG:DefaultListableBeanFactory] Autowiring by type from bean name 'classPathFileSystemWatcher' via factory method to bean named 'classPathRestartStrategy'
[10:19:01.053:DEBUG:DefaultListableBeanFactory] Creating shared instance of singleton bean 'conditionEvaluationDeltaLoggingListener'
[10:19:01.057:DEBUG:DefaultListableBeanFactory] Creating shared instance of singleton bean 'org.springframework.boot.devtools.autoconfigure.LocalDevToolsAutoConfiguration$LiveReloadConfiguration'
[10:19:01.058:DEBUG:DefaultListableBeanFactory] Creating shared instance of singleton bean 'optionalLiveReloadServer'
[10:19:01.059:DEBUG:DefaultListableBeanFactory] Autowiring by type from bean name 'liveReloadServer' via factory method to bean named 'spring.devtools-org.springframework.boot.devtools.autoconfigure.DevToolsProperties'
[10:19:01.062:DEBUG:DefaultListableBeanFactory] Autowiring by type from bean name 'optionalLiveReloadServer' via factory method to bean named 'liveReloadServer'
[10:19:01.063:DEBUG:LiveReloadServer] Starting live reload server on port 35729
[10:19:01.064:INFO :OptionalLiveReloadServer] LiveReload server is running on port 35729
[10:19:01.065:DEBUG:DefaultListableBeanFactory] Creating shared instance of singleton bean 'liveReloadServerEventListener'
[10:19:01.067:DEBUG:DefaultListableBeanFactory] Autowiring by type from bean name 'liveReloadServerEventListener' via factory method to bean named 'optionalLiveReloadServer'
[10:19:01.070:DEBUG:DefaultListableBeanFactory] Creating shared instance of singleton bean 'org.springframework.boot.devtools.autoconfigure.LocalDevToolsAutoConfiguration'
[10:19:01.081:DEBUG:AnnotationMBeanExporter] Registering beans for JMX exposure on startup
[10:19:01.082:DEBUG:AnnotationMBeanExporter] Autodetecting user-defined JMX MBeans
[10:19:01.088:DEBUG:DefaultLifecycleProcessor] Starting beans in phase 2147483646
[10:19:01.089:INFO :Http11NioProtocol] Starting ProtocolHandler ["http-nio-8080"]
[10:19:01.136:INFO :TomcatWebServer] Tomcat started on port(s): 8080 (http) with context path ''
[10:19:01.137:DEBUG:DefaultLifecycleProcessor] Successfully started bean 'webServerStartStop'
[10:19:01.137:DEBUG:DefaultLifecycleProcessor] Starting beans in phase 2147483647
[10:19:01.137:DEBUG:DefaultLifecycleProcessor] Successfully started bean 'webServerGracefulShutdown'
[10:19:01.160:DEBUG:ConditionEvaluationReportLoggingListener] 


============================
CONDITIONS EVALUATION REPORT
============================


Positive matches:
-----------------

   AopAutoConfiguration matched:
      - @ConditionalOnProperty (spring.aop.auto=true) matched (OnPropertyCondition)

   AopAutoConfiguration.AspectJAutoProxyingConfiguration matched:
      - @ConditionalOnClass found required class 'org.aspectj.weaver.Advice' (OnClassCondition)

   AopAutoConfiguration.AspectJAutoProxyingConfiguration.CglibAutoProxyConfiguration matched:
      - @ConditionalOnProperty (spring.aop.proxy-target-class=true) matched (OnPropertyCondition)

   DispatcherServletAutoConfiguration matched:
      - @ConditionalOnClass found required class 'org.springframework.web.servlet.DispatcherServlet' (OnClassCondition)
      - found 'session' scope (OnWebApplicationCondition)

   DispatcherServletAutoConfiguration.DispatcherServletConfiguration matched:
      - @ConditionalOnClass found required class 'javax.servlet.ServletRegistration' (OnClassCondition)
      - Default DispatcherServlet did not find dispatcher servlet beans (DispatcherServletAutoConfiguration.DefaultDispatcherServletCondition)

   DispatcherServletAutoConfiguration.DispatcherServletRegistrationConfiguration matched:
      - @ConditionalOnClass found required class 'javax.servlet.ServletRegistration' (OnClassCondition)
      - DispatcherServlet Registration did not find servlet registration bean (DispatcherServletAutoConfiguration.DispatcherServletRegistrationCondition)

   DispatcherServletAutoConfiguration.DispatcherServletRegistrationConfiguration#dispatcherServletRegistration matched:
      - @ConditionalOnBean (names: dispatcherServlet types: org.springframework.web.servlet.DispatcherServlet; SearchStrategy: all) found bean 'dispatcherServlet' (OnBeanCondition)

   EmbeddedWebServerFactoryCustomizerAutoConfiguration matched:
      - @ConditionalOnWebApplication (required) found 'session' scope (OnWebApplicationCondition)

   EmbeddedWebServerFactoryCustomizerAutoConfiguration.TomcatWebServerFactoryCustomizerConfiguration matched:
      - @ConditionalOnClass found required classes 'org.apache.catalina.startup.Tomcat', 'org.apache.coyote.UpgradeProtocol' (OnClassCondition)

   ErrorMvcAutoConfiguration matched:
      - @ConditionalOnClass found required classes 'javax.servlet.Servlet', 'org.springframework.web.servlet.DispatcherServlet' (OnClassCondition)
      - found 'session' scope (OnWebApplicationCondition)

   ErrorMvcAutoConfiguration#basicErrorController matched:
      - @ConditionalOnMissingBean (types: org.springframework.boot.web.servlet.error.ErrorController; SearchStrategy: current) did not find any beans (OnBeanCondition)

   ErrorMvcAutoConfiguration#errorAttributes matched:
      - @ConditionalOnMissingBean (types: org.springframework.boot.web.servlet.error.ErrorAttributes; SearchStrategy: current) did not find any beans (OnBeanCondition)

   ErrorMvcAutoConfiguration.DefaultErrorViewResolverConfiguration#conventionErrorViewResolver matched:
      - @ConditionalOnBean (types: org.springframework.web.servlet.DispatcherServlet; SearchStrategy: all) found bean 'dispatcherServlet'; @ConditionalOnMissingBean (types: org.springframework.boot.autoconfigure.web.servlet.error.ErrorViewResolver; SearchStrategy: all) did not find any beans (OnBeanCondition)

   ErrorMvcAutoConfiguration.WhitelabelErrorViewConfiguration matched:
      - @ConditionalOnProperty (server.error.whitelabel.enabled) matched (OnPropertyCondition)
      - ErrorTemplate Missing did not find error template view (ErrorMvcAutoConfiguration.ErrorTemplateMissingCondition)

   ErrorMvcAutoConfiguration.WhitelabelErrorViewConfiguration#beanNameViewResolver matched:
      - @ConditionalOnMissingBean (types: org.springframework.web.servlet.view.BeanNameViewResolver; SearchStrategy: all) did not find any beans (OnBeanCondition)

   ErrorMvcAutoConfiguration.WhitelabelErrorViewConfiguration#defaultErrorView matched:
      - @ConditionalOnMissingBean (names: error; SearchStrategy: all) did not find any beans (OnBeanCondition)

   GenericCacheConfiguration matched:
      - Cache org.springframework.boot.autoconfigure.cache.GenericCacheConfiguration automatic cache type (CacheCondition)

   HttpEncodingAutoConfiguration matched:
      - @ConditionalOnClass found required class 'org.springframework.web.filter.CharacterEncodingFilter' (OnClassCondition)
      - found 'session' scope (OnWebApplicationCondition)
      - @ConditionalOnProperty (server.servlet.encoding.enabled) matched (OnPropertyCondition)

   HttpEncodingAutoConfiguration#characterEncodingFilter matched:
      - @ConditionalOnMissingBean (types: org.springframework.web.filter.CharacterEncodingFilter; SearchStrategy: all) did not find any beans (OnBeanCondition)

   HttpMessageConvertersAutoConfiguration matched:
      - @ConditionalOnClass found required class 'org.springframework.http.converter.HttpMessageConverter' (OnClassCondition)
      - NoneNestedConditions 0 matched 1 did not; NestedCondition on HttpMessageConvertersAutoConfiguration.NotReactiveWebApplicationCondition.ReactiveWebApplication did not find reactive web application classes (HttpMessageConvertersAutoConfiguration.NotReactiveWebApplicationCondition)

   HttpMessageConvertersAutoConfiguration#messageConverters matched:
      - @ConditionalOnMissingBean (types: org.springframework.boot.autoconfigure.http.HttpMessageConverters; SearchStrategy: all) did not find any beans (OnBeanCondition)

   HttpMessageConvertersAutoConfiguration.StringHttpMessageConverterConfiguration matched:
      - @ConditionalOnClass found required class 'org.springframework.http.converter.StringHttpMessageConverter' (OnClassCondition)

   HttpMessageConvertersAutoConfiguration.StringHttpMessageConverterConfiguration#stringHttpMessageConverter matched:
      - @ConditionalOnMissingBean (types: org.springframework.http.converter.StringHttpMessageConverter; SearchStrategy: all) did not find any beans (OnBeanCondition)

   JacksonAutoConfiguration matched:
      - @ConditionalOnClass found required class 'com.fasterxml.jackson.databind.ObjectMapper' (OnClassCondition)

   JacksonAutoConfiguration.Jackson2ObjectMapperBuilderCustomizerConfiguration matched:
      - @ConditionalOnClass found required class 'org.springframework.http.converter.json.Jackson2ObjectMapperBuilder' (OnClassCondition)

   JacksonAutoConfiguration.JacksonObjectMapperBuilderConfiguration matched:
      - @ConditionalOnClass found required class 'org.springframework.http.converter.json.Jackson2ObjectMapperBuilder' (OnClassCondition)

   JacksonAutoConfiguration.JacksonObjectMapperBuilderConfiguration#jacksonObjectMapperBuilder matched:
      - @ConditionalOnMissingBean (types: org.springframework.http.converter.json.Jackson2ObjectMapperBuilder; SearchStrategy: all) did not find any beans (OnBeanCondition)

   JacksonAutoConfiguration.JacksonObjectMapperConfiguration matched:
      - @ConditionalOnClass found required class 'org.springframework.http.converter.json.Jackson2ObjectMapperBuilder' (OnClassCondition)

   JacksonAutoConfiguration.JacksonObjectMapperConfiguration#jacksonObjectMapper matched:
      - @ConditionalOnMissingBean (types: com.fasterxml.jackson.databind.ObjectMapper; SearchStrategy: all) did not find any beans (OnBeanCondition)

   JacksonAutoConfiguration.ParameterNamesModuleConfiguration matched:
      - @ConditionalOnClass found required class 'com.fasterxml.jackson.module.paramnames.ParameterNamesModule' (OnClassCondition)

   JacksonAutoConfiguration.ParameterNamesModuleConfiguration#parameterNamesModule matched:
      - @ConditionalOnMissingBean (types: com.fasterxml.jackson.module.paramnames.ParameterNamesModule; SearchStrategy: all) did not find any beans (OnBeanCondition)

   JacksonHttpMessageConvertersConfiguration.MappingJackson2HttpMessageConverterConfiguration matched:
      - @ConditionalOnClass found required class 'com.fasterxml.jackson.databind.ObjectMapper' (OnClassCondition)
      - @ConditionalOnProperty (spring.mvc.converters.preferred-json-mapper=jackson) matched (OnPropertyCondition)
      - @ConditionalOnBean (types: com.fasterxml.jackson.databind.ObjectMapper; SearchStrategy: all) found bean 'jacksonObjectMapper' (OnBeanCondition)

   JacksonHttpMessageConvertersConfiguration.MappingJackson2HttpMessageConverterConfiguration#mappingJackson2HttpMessageConverter matched:
      - @ConditionalOnMissingBean (types: org.springframework.http.converter.json.MappingJackson2HttpMessageConverter ignored: org.springframework.hateoas.server.mvc.TypeConstrainedMappingJackson2HttpMessageConverter,org.springframework.data.rest.webmvc.alps.AlpsJsonHttpMessageConverter; SearchStrategy: all) did not find any beans (OnBeanCondition)

   JmxAutoConfiguration matched:
      - @ConditionalOnClass found required class 'org.springframework.jmx.export.MBeanExporter' (OnClassCondition)
      - @ConditionalOnProperty (spring.jmx.enabled=true) matched (OnPropertyCondition)

   JmxAutoConfiguration#mbeanExporter matched:
      - @ConditionalOnMissingBean (types: org.springframework.jmx.export.MBeanExporter; SearchStrategy: current) did not find any beans (OnBeanCondition)

   JmxAutoConfiguration#mbeanServer matched:
      - @ConditionalOnMissingBean (types: javax.management.MBeanServer; SearchStrategy: all) did not find any beans (OnBeanCondition)

   JmxAutoConfiguration#objectNamingStrategy matched:
      - @ConditionalOnMissingBean (types: org.springframework.jmx.export.naming.ObjectNamingStrategy; SearchStrategy: current) did not find any beans (OnBeanCondition)

   LifecycleAutoConfiguration#defaultLifecycleProcessor matched:
      - @ConditionalOnMissingBean (names: lifecycleProcessor; SearchStrategy: current) did not find any beans (OnBeanCondition)

   LocalDevToolsAutoConfiguration matched:
      - Initialized Restarter Condition available and initialized (OnInitializedRestarterCondition)

   LocalDevToolsAutoConfiguration.LiveReloadConfiguration matched:
      - @ConditionalOnProperty (spring.devtools.livereload.enabled) matched (OnPropertyCondition)

   LocalDevToolsAutoConfiguration.LiveReloadConfiguration#liveReloadServer matched:
      - @ConditionalOnMissingBean (types: org.springframework.boot.devtools.livereload.LiveReloadServer; SearchStrategy: all) did not find any beans (OnBeanCondition)

   LocalDevToolsAutoConfiguration.RestartConfiguration matched:
      - @ConditionalOnProperty (spring.devtools.restart.enabled) matched (OnPropertyCondition)

   LocalDevToolsAutoConfiguration.RestartConfiguration#classPathFileSystemWatcher matched:
      - @ConditionalOnMissingBean (types: org.springframework.boot.devtools.classpath.ClassPathFileSystemWatcher; SearchStrategy: all) did not find any beans (OnBeanCondition)

   LocalDevToolsAutoConfiguration.RestartConfiguration#classPathRestartStrategy matched:
      - @ConditionalOnMissingBean (types: org.springframework.boot.devtools.classpath.ClassPathRestartStrategy; SearchStrategy: all) did not find any beans (OnBeanCondition)

   LocalDevToolsAutoConfiguration.RestartConfiguration#conditionEvaluationDeltaLoggingListener matched:
      - @ConditionalOnProperty (spring.devtools.restart.log-condition-evaluation-delta) matched (OnPropertyCondition)

   MultipartAutoConfiguration matched:
      - @ConditionalOnClass found required classes 'javax.servlet.Servlet', 'org.springframework.web.multipart.support.StandardServletMultipartResolver', 'javax.servlet.MultipartConfigElement' (OnClassCondition)
      - found 'session' scope (OnWebApplicationCondition)
      - @ConditionalOnProperty (spring.servlet.multipart.enabled) matched (OnPropertyCondition)

   MultipartAutoConfiguration#multipartConfigElement matched:
      - @ConditionalOnMissingBean (types: javax.servlet.MultipartConfigElement,org.springframework.web.multipart.commons.CommonsMultipartResolver; SearchStrategy: all) did not find any beans (OnBeanCondition)

   MultipartAutoConfiguration#multipartResolver matched:
      - @ConditionalOnMissingBean (types: org.springframework.web.multipart.MultipartResolver; SearchStrategy: all) did not find any beans (OnBeanCondition)

   NoOpCacheConfiguration matched:
      - Cache org.springframework.boot.autoconfigure.cache.NoOpCacheConfiguration automatic cache type (CacheCondition)

   PropertyPlaceholderAutoConfiguration#propertySourcesPlaceholderConfigurer matched:
      - @ConditionalOnMissingBean (types: org.springframework.context.support.PropertySourcesPlaceholderConfigurer; SearchStrategy: current) did not find any beans (OnBeanCondition)

   RestTemplateAutoConfiguration matched:
      - @ConditionalOnClass found required class 'org.springframework.web.client.RestTemplate' (OnClassCondition)
      - NoneNestedConditions 0 matched 1 did not; NestedCondition on RestTemplateAutoConfiguration.NotReactiveWebApplicationCondition.ReactiveWebApplication did not find reactive web application classes (RestTemplateAutoConfiguration.NotReactiveWebApplicationCondition)

   RestTemplateAutoConfiguration#restTemplateBuilder matched:
      - @ConditionalOnMissingBean (types: org.springframework.boot.web.client.RestTemplateBuilder; SearchStrategy: all) did not find any beans (OnBeanCondition)

   RestTemplateAutoConfiguration#restTemplateBuilderConfigurer matched:
      - @ConditionalOnMissingBean (types: org.springframework.boot.autoconfigure.web.client.RestTemplateBuilderConfigurer; SearchStrategy: all) did not find any beans (OnBeanCondition)

   ServletWebServerFactoryAutoConfiguration matched:
      - @ConditionalOnClass found required class 'javax.servlet.ServletRequest' (OnClassCondition)
      - found 'session' scope (OnWebApplicationCondition)

   ServletWebServerFactoryAutoConfiguration#tomcatServletWebServerFactoryCustomizer matched:
      - @ConditionalOnClass found required class 'org.apache.catalina.startup.Tomcat' (OnClassCondition)

   ServletWebServerFactoryConfiguration.EmbeddedTomcat matched:
      - @ConditionalOnClass found required classes 'javax.servlet.Servlet', 'org.apache.catalina.startup.Tomcat', 'org.apache.coyote.UpgradeProtocol' (OnClassCondition)
      - @ConditionalOnMissingBean (types: org.springframework.boot.web.servlet.server.ServletWebServerFactory; SearchStrategy: current) did not find any beans (OnBeanCondition)

   SimpleCacheConfiguration matched:
      - Cache org.springframework.boot.autoconfigure.cache.SimpleCacheConfiguration automatic cache type (CacheCondition)

   SpringApplicationAdminJmxAutoConfiguration matched:
      - @ConditionalOnProperty (spring.application.admin.enabled=true) matched (OnPropertyCondition)

   SpringApplicationAdminJmxAutoConfiguration#springApplicationAdminRegistrar matched:
      - @ConditionalOnMissingBean (types: org.springframework.boot.admin.SpringApplicationAdminMXBeanRegistrar; SearchStrategy: all) did not find any beans (OnBeanCondition)

   TaskExecutionAutoConfiguration matched:
      - @ConditionalOnClass found required class 'org.springframework.scheduling.concurrent.ThreadPoolTaskExecutor' (OnClassCondition)

   TaskExecutionAutoConfiguration#applicationTaskExecutor matched:
      - @ConditionalOnMissingBean (types: java.util.concurrent.Executor; SearchStrategy: all) did not find any beans (OnBeanCondition)

   TaskExecutionAutoConfiguration#taskExecutorBuilder matched:
      - @ConditionalOnMissingBean (types: org.springframework.boot.task.TaskExecutorBuilder; SearchStrategy: all) did not find any beans (OnBeanCondition)

   TaskSchedulingAutoConfiguration matched:
      - @ConditionalOnClass found required class 'org.springframework.scheduling.concurrent.ThreadPoolTaskScheduler' (OnClassCondition)

   TaskSchedulingAutoConfiguration#taskSchedulerBuilder matched:
      - @ConditionalOnMissingBean (types: org.springframework.boot.task.TaskSchedulerBuilder; SearchStrategy: all) did not find any beans (OnBeanCondition)

   WebMvcAutoConfiguration matched:
      - @ConditionalOnClass found required classes 'javax.servlet.Servlet', 'org.springframework.web.servlet.DispatcherServlet', 'org.springframework.web.servlet.config.annotation.WebMvcConfigurer' (OnClassCondition)
      - found 'session' scope (OnWebApplicationCondition)
      - @ConditionalOnMissingBean (types: org.springframework.web.servlet.config.annotation.WebMvcConfigurationSupport; SearchStrategy: all) did not find any beans (OnBeanCondition)

   WebMvcAutoConfiguration#formContentFilter matched:
      - @ConditionalOnProperty (spring.mvc.formcontent.filter.enabled) matched (OnPropertyCondition)
      - @ConditionalOnMissingBean (types: org.springframework.web.filter.FormContentFilter; SearchStrategy: all) did not find any beans (OnBeanCondition)

   WebMvcAutoConfiguration.EnableWebMvcConfiguration#flashMapManager matched:
      - @ConditionalOnMissingBean (names: flashMapManager; SearchStrategy: all) did not find any beans (OnBeanCondition)

   WebMvcAutoConfiguration.EnableWebMvcConfiguration#localeResolver matched:
      - @ConditionalOnMissingBean (names: localeResolver; SearchStrategy: all) did not find any beans (OnBeanCondition)

   WebMvcAutoConfiguration.EnableWebMvcConfiguration#themeResolver matched:
      - @ConditionalOnMissingBean (names: themeResolver; SearchStrategy: all) did not find any beans (OnBeanCondition)

   WebMvcAutoConfiguration.WebMvcAutoConfigurationAdapter#defaultViewResolver matched:
      - @ConditionalOnMissingBean (types: org.springframework.web.servlet.view.InternalResourceViewResolver; SearchStrategy: all) did not find any beans (OnBeanCondition)

   WebMvcAutoConfiguration.WebMvcAutoConfigurationAdapter#requestContextFilter matched:
      - @ConditionalOnMissingBean (types: org.springframework.web.context.request.RequestContextListener,org.springframework.web.filter.RequestContextFilter; SearchStrategy: all) did not find any beans (OnBeanCondition)

   WebMvcAutoConfiguration.WebMvcAutoConfigurationAdapter#viewResolver matched:
      - @ConditionalOnBean (types: org.springframework.web.servlet.ViewResolver; SearchStrategy: all) found beans 'defaultViewResolver', 'beanNameViewResolver', 'mvcViewResolver'; @ConditionalOnMissingBean (names: viewResolver types: org.springframework.web.servlet.view.ContentNegotiatingViewResolver; SearchStrategy: all) did not find any beans (OnBeanCondition)

   WebSocketServletAutoConfiguration matched:
      - @ConditionalOnClass found required classes 'javax.servlet.Servlet', 'javax.websocket.server.ServerContainer' (OnClassCondition)
      - found 'session' scope (OnWebApplicationCondition)

   WebSocketServletAutoConfiguration.TomcatWebSocketConfiguration matched:
      - @ConditionalOnClass found required classes 'org.apache.catalina.startup.Tomcat', 'org.apache.tomcat.websocket.server.WsSci' (OnClassCondition)

   WebSocketServletAutoConfiguration.TomcatWebSocketConfiguration#websocketServletWebServerCustomizer matched:
      - @ConditionalOnMissingBean (names: websocketServletWebServerCustomizer; SearchStrategy: all) did not find any beans (OnBeanCondition)


Negative matches:
-----------------

   ActiveMQAutoConfiguration:
      Did not match:
         - @ConditionalOnClass did not find required class 'javax.jms.ConnectionFactory' (OnClassCondition)

   AopAutoConfiguration.AspectJAutoProxyingConfiguration.JdkDynamicAutoProxyConfiguration:
      Did not match:
         - @ConditionalOnProperty (spring.aop.proxy-target-class=false) did not find property 'proxy-target-class' (OnPropertyCondition)

   AopAutoConfiguration.ClassProxyingConfiguration:
      Did not match:
         - @ConditionalOnMissingClass found unwanted class 'org.aspectj.weaver.Advice' (OnClassCondition)

   ArtemisAutoConfiguration:
      Did not match:
         - @ConditionalOnClass did not find required class 'javax.jms.ConnectionFactory' (OnClassCondition)

   BatchAutoConfiguration:
      Did not match:
         - @ConditionalOnClass did not find required class 'org.springframework.batch.core.launch.JobLauncher' (OnClassCondition)

   CacheAutoConfiguration:
      Did not match:
         - @ConditionalOnBean (types: org.springframework.cache.interceptor.CacheAspectSupport; SearchStrategy: all) did not find any beans of type org.springframework.cache.interceptor.CacheAspectSupport (OnBeanCondition)
      Matched:
         - @ConditionalOnClass found required class 'org.springframework.cache.CacheManager' (OnClassCondition)

   CacheAutoConfiguration.CacheManagerEntityManagerFactoryDependsOnPostProcessor:
      Did not match:
         - @ConditionalOnClass did not find required class 'org.springframework.orm.jpa.LocalContainerEntityManagerFactoryBean' (OnClassCondition)
         - Ancestor org.springframework.boot.autoconfigure.cache.CacheAutoConfiguration did not match (ConditionEvaluationReport.AncestorsMatchedCondition)

   CaffeineCacheConfiguration:
      Did not match:
         - @ConditionalOnClass did not find required class 'com.github.benmanes.caffeine.cache.Caffeine' (OnClassCondition)

   CassandraAutoConfiguration:
      Did not match:
         - @ConditionalOnClass did not find required class 'com.datastax.oss.driver.api.core.CqlSession' (OnClassCondition)

   CassandraDataAutoConfiguration:
      Did not match:
         - @ConditionalOnClass did not find required class 'com.datastax.oss.driver.api.core.CqlSession' (OnClassCondition)

   CassandraReactiveDataAutoConfiguration:
      Did not match:
         - @ConditionalOnClass did not find required class 'com.datastax.oss.driver.api.core.CqlSession' (OnClassCondition)

   CassandraReactiveRepositoriesAutoConfiguration:
      Did not match:
         - @ConditionalOnClass did not find required class 'org.springframework.data.cassandra.ReactiveSession' (OnClassCondition)

   CassandraRepositoriesAutoConfiguration:
      Did not match:
         - @ConditionalOnClass did not find required class 'com.datastax.oss.driver.api.core.CqlSession' (OnClassCondition)

   ClientHttpConnectorAutoConfiguration:
      Did not match:
         - @ConditionalOnClass did not find required class 'org.springframework.web.reactive.function.client.WebClient' (OnClassCondition)

   CodecsAutoConfiguration:
      Did not match:
         - @ConditionalOnClass did not find required class 'org.springframework.web.reactive.function.client.WebClient' (OnClassCondition)

   CouchbaseAutoConfiguration:
      Did not match:
         - @ConditionalOnClass did not find required class 'com.couchbase.client.java.Cluster' (OnClassCondition)

   CouchbaseCacheConfiguration:
      Did not match:
         - @ConditionalOnClass did not find required class 'com.couchbase.client.java.Cluster' (OnClassCondition)

   CouchbaseDataAutoConfiguration:
      Did not match:
         - @ConditionalOnClass did not find required class 'com.couchbase.client.java.Bucket' (OnClassCondition)

   CouchbaseReactiveDataAutoConfiguration:
      Did not match:
         - @ConditionalOnClass did not find required class 'com.couchbase.client.java.Cluster' (OnClassCondition)

   CouchbaseReactiveRepositoriesAutoConfiguration:
      Did not match:
         - @ConditionalOnClass did not find required class 'com.couchbase.client.java.Cluster' (OnClassCondition)

   CouchbaseRepositoriesAutoConfiguration:
      Did not match:
         - @ConditionalOnClass did not find required class 'com.couchbase.client.java.Bucket' (OnClassCondition)

   DataSourceAutoConfiguration:
      Did not match:
         - @ConditionalOnClass did not find required class 'org.springframework.jdbc.datasource.embedded.EmbeddedDatabaseType' (OnClassCondition)

   DataSourceTransactionManagerAutoConfiguration:
      Did not match:
         - @ConditionalOnClass did not find required class 'org.springframework.jdbc.core.JdbcTemplate' (OnClassCondition)

   DevToolsDataSourceAutoConfiguration:
      Did not match:
         - DevTools DataSource Condition did not find a single DataSource bean (DevToolsDataSourceAutoConfiguration.DevToolsDataSourceCondition)
      Matched:
         - Devtools devtools enabled. (OnEnabledDevToolsCondition)

   DevToolsDataSourceAutoConfiguration.DatabaseShutdownExecutorEntityManagerFactoryDependsOnPostProcessor:
      Did not match:
         - @ConditionalOnClass did not find required class 'org.springframework.orm.jpa.LocalContainerEntityManagerFactoryBean' (OnClassCondition)
         - Ancestor org.springframework.boot.devtools.autoconfigure.DevToolsDataSourceAutoConfiguration did not match (ConditionEvaluationReport.AncestorsMatchedCondition)

   DispatcherServletAutoConfiguration.DispatcherServletConfiguration#multipartResolver:
      Did not match:
         - @ConditionalOnBean (types: org.springframework.web.multipart.MultipartResolver; SearchStrategy: all) did not find any beans of type org.springframework.web.multipart.MultipartResolver (OnBeanCondition)

   EhCacheCacheConfiguration:
      Did not match:
         - @ConditionalOnClass did not find required class 'net.sf.ehcache.Cache' (OnClassCondition)

   ElasticsearchDataAutoConfiguration:
      Did not match:
         - @ConditionalOnClass did not find required class 'org.springframework.data.elasticsearch.core.ElasticsearchRestTemplate' (OnClassCondition)

   ElasticsearchRepositoriesAutoConfiguration:
      Did not match:
         - @ConditionalOnClass did not find required class 'org.elasticsearch.client.Client' (OnClassCondition)

   ElasticsearchRestClientAutoConfiguration:
      Did not match:
         - @ConditionalOnClass did not find required class 'org.elasticsearch.client.RestHighLevelClient' (OnClassCondition)

   EmbeddedLdapAutoConfiguration:
      Did not match:
         - @ConditionalOnClass did not find required class 'com.unboundid.ldap.listener.InMemoryDirectoryServer' (OnClassCondition)

   EmbeddedMongoAutoConfiguration:
      Did not match:
         - @ConditionalOnClass did not find required class 'com.mongodb.MongoClientSettings' (OnClassCondition)

   EmbeddedWebServerFactoryCustomizerAutoConfiguration.JettyWebServerFactoryCustomizerConfiguration:
      Did not match:
         - @ConditionalOnClass did not find required classes 'org.eclipse.jetty.server.Server', 'org.eclipse.jetty.util.Loader', 'org.eclipse.jetty.webapp.WebAppContext' (OnClassCondition)

   EmbeddedWebServerFactoryCustomizerAutoConfiguration.NettyWebServerFactoryCustomizerConfiguration:
      Did not match:
         - @ConditionalOnClass did not find required class 'reactor.netty.http.server.HttpServer' (OnClassCondition)

   EmbeddedWebServerFactoryCustomizerAutoConfiguration.UndertowWebServerFactoryCustomizerConfiguration:
      Did not match:
         - @ConditionalOnClass did not find required classes 'io.undertow.Undertow', 'org.xnio.SslClientAuthMode' (OnClassCondition)

   ErrorWebFluxAutoConfiguration:
      Did not match:
         - @ConditionalOnClass did not find required class 'org.springframework.web.reactive.config.WebFluxConfigurer' (OnClassCondition)

   FlywayAutoConfiguration:
      Did not match:
         - @ConditionalOnClass did not find required class 'org.flywaydb.core.Flyway' (OnClassCondition)

   FreeMarkerAutoConfiguration:
      Did not match:
         - @ConditionalOnClass did not find required class 'freemarker.template.Configuration' (OnClassCondition)

   GroovyTemplateAutoConfiguration:
      Did not match:
         - @ConditionalOnClass did not find required class 'groovy.text.markup.MarkupTemplateEngine' (OnClassCondition)

   GsonAutoConfiguration:
      Did not match:
         - @ConditionalOnClass did not find required class 'com.google.gson.Gson' (OnClassCondition)

   GsonHttpMessageConvertersConfiguration:
      Did not match:
         - @ConditionalOnClass did not find required class 'com.google.gson.Gson' (OnClassCondition)

   H2ConsoleAutoConfiguration:
      Did not match:
         - @ConditionalOnClass did not find required class 'org.h2.server.web.WebServlet' (OnClassCondition)

   HazelcastAutoConfiguration:
      Did not match:
         - @ConditionalOnClass did not find required class 'com.hazelcast.core.HazelcastInstance' (OnClassCondition)

   HazelcastCacheConfiguration:
      Did not match:
         - @ConditionalOnClass did not find required class 'com.hazelcast.core.HazelcastInstance' (OnClassCondition)

   HazelcastJpaDependencyAutoConfiguration:
      Did not match:
         - @ConditionalOnClass did not find required class 'com.hazelcast.core.HazelcastInstance' (OnClassCondition)

   HibernateJpaAutoConfiguration:
      Did not match:
         - @ConditionalOnClass did not find required class 'javax.persistence.EntityManager' (OnClassCondition)

   HttpHandlerAutoConfiguration:
      Did not match:
         - @ConditionalOnClass did not find required class 'org.springframework.web.reactive.DispatcherHandler' (OnClassCondition)

   HypermediaAutoConfiguration:
      Did not match:
         - @ConditionalOnClass did not find required class 'org.springframework.hateoas.EntityModel' (OnClassCondition)

   InfinispanCacheConfiguration:
      Did not match:
         - @ConditionalOnClass did not find required class 'org.infinispan.spring.embedded.provider.SpringEmbeddedCacheManager' (OnClassCondition)

   InfluxDbAutoConfiguration:
      Did not match:
         - @ConditionalOnClass did not find required class 'org.influxdb.InfluxDB' (OnClassCondition)

   IntegrationAutoConfiguration:
      Did not match:
         - @ConditionalOnClass did not find required class 'org.springframework.integration.config.EnableIntegration' (OnClassCondition)

   JCacheCacheConfiguration:
      Did not match:
         - @ConditionalOnClass did not find required class 'javax.cache.Caching' (OnClassCondition)

   JacksonHttpMessageConvertersConfiguration.MappingJackson2XmlHttpMessageConverterConfiguration:
      Did not match:
         - @ConditionalOnClass did not find required class 'com.fasterxml.jackson.dataformat.xml.XmlMapper' (OnClassCondition)

   JdbcRepositoriesAutoConfiguration:
      Did not match:
         - @ConditionalOnClass did not find required class 'org.springframework.data.jdbc.repository.config.AbstractJdbcConfiguration' (OnClassCondition)

   JdbcTemplateAutoConfiguration:
      Did not match:
         - @ConditionalOnClass did not find required class 'org.springframework.jdbc.core.JdbcTemplate' (OnClassCondition)

   JerseyAutoConfiguration:
      Did not match:
         - @ConditionalOnClass did not find required class 'org.glassfish.jersey.server.spring.SpringComponentProvider' (OnClassCondition)

   JmsAutoConfiguration:
      Did not match:
         - @ConditionalOnClass did not find required class 'javax.jms.Message' (OnClassCondition)

   JndiConnectionFactoryAutoConfiguration:
      Did not match:
         - @ConditionalOnClass did not find required class 'org.springframework.jms.core.JmsTemplate' (OnClassCondition)

   JndiDataSourceAutoConfiguration:
      Did not match:
         - @ConditionalOnClass did not find required class 'org.springframework.jdbc.datasource.embedded.EmbeddedDatabaseType' (OnClassCondition)

   JooqAutoConfiguration:
      Did not match:
         - @ConditionalOnClass did not find required class 'org.jooq.DSLContext' (OnClassCondition)

   JpaRepositoriesAutoConfiguration:
      Did not match:
         - @ConditionalOnClass did not find required class 'org.springframework.data.jpa.repository.JpaRepository' (OnClassCondition)

   JsonbAutoConfiguration:
      Did not match:
         - @ConditionalOnClass did not find required class 'javax.json.bind.Jsonb' (OnClassCondition)

   JsonbHttpMessageConvertersConfiguration:
      Did not match:
         - @ConditionalOnClass did not find required class 'javax.json.bind.Jsonb' (OnClassCondition)

   JtaAutoConfiguration:
      Did not match:
         - @ConditionalOnClass did not find required class 'javax.transaction.Transaction' (OnClassCondition)

   KafkaAutoConfiguration:
      Did not match:
         - @ConditionalOnClass did not find required class 'org.springframework.kafka.core.KafkaTemplate' (OnClassCondition)

   LdapAutoConfiguration:
      Did not match:
         - @ConditionalOnClass did not find required class 'org.springframework.ldap.core.ContextSource' (OnClassCondition)

   LdapRepositoriesAutoConfiguration:
      Did not match:
         - @ConditionalOnClass did not find required class 'org.springframework.data.ldap.repository.LdapRepository' (OnClassCondition)

   LiquibaseAutoConfiguration:
      Did not match:
         - @ConditionalOnClass did not find required class 'liquibase.change.DatabaseChange' (OnClassCondition)

   MailSenderAutoConfiguration:
      Did not match:
         - @ConditionalOnClass did not find required class 'javax.mail.internet.MimeMessage' (OnClassCondition)

   MailSenderValidatorAutoConfiguration:
      Did not match:
         - @ConditionalOnSingleCandidate did not find required type 'org.springframework.mail.javamail.JavaMailSenderImpl' (OnBeanCondition)

   MessageSourceAutoConfiguration:
      Did not match:
         - ResourceBundle did not find bundle with basename messages (MessageSourceAutoConfiguration.ResourceBundleCondition)

   MongoAutoConfiguration:
      Did not match:
         - @ConditionalOnClass did not find required class 'com.mongodb.client.MongoClient' (OnClassCondition)

   MongoDataAutoConfiguration:
      Did not match:
         - @ConditionalOnClass did not find required class 'com.mongodb.client.MongoClient' (OnClassCondition)

   MongoReactiveAutoConfiguration:
      Did not match:
         - @ConditionalOnClass did not find required class 'com.mongodb.reactivestreams.client.MongoClient' (OnClassCondition)

   MongoReactiveDataAutoConfiguration:
      Did not match:
         - @ConditionalOnClass did not find required class 'com.mongodb.reactivestreams.client.MongoClient' (OnClassCondition)

   MongoReactiveRepositoriesAutoConfiguration:
      Did not match:
         - @ConditionalOnClass did not find required class 'com.mongodb.reactivestreams.client.MongoClient' (OnClassCondition)

   MongoRepositoriesAutoConfiguration:
      Did not match:
         - @ConditionalOnClass did not find required class 'com.mongodb.client.MongoClient' (OnClassCondition)

   MustacheAutoConfiguration:
      Did not match:
         - @ConditionalOnClass did not find required class 'com.samskivert.mustache.Mustache' (OnClassCondition)

   Neo4jAutoConfiguration:
      Did not match:
         - @ConditionalOnClass did not find required class 'org.neo4j.driver.Driver' (OnClassCondition)

   Neo4jDataAutoConfiguration:
      Did not match:
         - @ConditionalOnClass did not find required class 'org.neo4j.driver.Driver' (OnClassCondition)

   Neo4jReactiveDataAutoConfiguration:
      Did not match:
         - @ConditionalOnClass did not find required class 'org.neo4j.driver.Driver' (OnClassCondition)

   Neo4jReactiveRepositoriesAutoConfiguration:
      Did not match:
         - @ConditionalOnClass did not find required class 'org.neo4j.driver.Driver' (OnClassCondition)

   Neo4jRepositoriesAutoConfiguration:
      Did not match:
         - @ConditionalOnClass did not find required class 'org.neo4j.driver.Driver' (OnClassCondition)

   OAuth2ClientAutoConfiguration:
      Did not match:
         - @ConditionalOnClass did not find required class 'org.springframework.security.config.annotation.web.configuration.EnableWebSecurity' (OnClassCondition)

   OAuth2ResourceServerAutoConfiguration:
      Did not match:
         - @ConditionalOnClass did not find required class 'org.springframework.security.oauth2.server.resource.BearerTokenAuthenticationToken' (OnClassCondition)

   PersistenceExceptionTranslationAutoConfiguration:
      Did not match:
         - @ConditionalOnClass did not find required class 'org.springframework.dao.annotation.PersistenceExceptionTranslationPostProcessor' (OnClassCondition)

   ProjectInfoAutoConfiguration#buildProperties:
      Did not match:
         - @ConditionalOnResource did not find resource '${spring.info.build.location:classpath:META-INF/build-info.properties}' (OnResourceCondition)

   ProjectInfoAutoConfiguration#gitProperties:
      Did not match:
         - GitResource did not find git info at classpath:git.properties (ProjectInfoAutoConfiguration.GitResourceAvailableCondition)

   QuartzAutoConfiguration:
      Did not match:
         - @ConditionalOnClass did not find required class 'org.quartz.Scheduler' (OnClassCondition)

   R2dbcAutoConfiguration:
      Did not match:
         - @ConditionalOnClass did not find required class 'io.r2dbc.spi.ConnectionFactory' (OnClassCondition)

   R2dbcDataAutoConfiguration:
      Did not match:
         - @ConditionalOnClass did not find required class 'org.springframework.data.r2dbc.core.R2dbcEntityTemplate' (OnClassCondition)

   R2dbcRepositoriesAutoConfiguration:
      Did not match:
         - @ConditionalOnClass did not find required class 'io.r2dbc.spi.ConnectionFactory' (OnClassCondition)

   R2dbcTransactionManagerAutoConfiguration:
      Did not match:
         - @ConditionalOnClass did not find required class 'org.springframework.r2dbc.connection.R2dbcTransactionManager' (OnClassCondition)

   RSocketMessagingAutoConfiguration:
      Did not match:
         - @ConditionalOnClass did not find required class 'io.rsocket.RSocket' (OnClassCondition)

   RSocketRequesterAutoConfiguration:
      Did not match:
         - @ConditionalOnClass did not find required class 'io.rsocket.RSocket' (OnClassCondition)

   RSocketSecurityAutoConfiguration:
      Did not match:
         - @ConditionalOnClass did not find required class 'org.springframework.security.rsocket.core.SecuritySocketAcceptorInterceptor' (OnClassCondition)

   RSocketServerAutoConfiguration:
      Did not match:
         - @ConditionalOnClass did not find required class 'io.rsocket.core.RSocketServer' (OnClassCondition)

   RSocketStrategiesAutoConfiguration:
      Did not match:
         - @ConditionalOnClass did not find required class 'io.netty.buffer.PooledByteBufAllocator' (OnClassCondition)

   RabbitAutoConfiguration:
      Did not match:
         - @ConditionalOnClass did not find required class 'com.rabbitmq.client.Channel' (OnClassCondition)

   ReactiveElasticsearchRepositoriesAutoConfiguration:
      Did not match:
         - @ConditionalOnClass did not find required class 'org.springframework.data.elasticsearch.client.reactive.ReactiveElasticsearchClient' (OnClassCondition)

   ReactiveElasticsearchRestClientAutoConfiguration:
      Did not match:
         - @ConditionalOnClass did not find required class 'reactor.netty.http.client.HttpClient' (OnClassCondition)

   ReactiveOAuth2ClientAutoConfiguration:
      Did not match:
         - @ConditionalOnClass did not find required class 'reactor.core.publisher.Flux' (OnClassCondition)

   ReactiveOAuth2ResourceServerAutoConfiguration:
      Did not match:
         - @ConditionalOnClass did not find required class 'org.springframework.security.config.annotation.web.reactive.EnableWebFluxSecurity' (OnClassCondition)

   ReactiveSecurityAutoConfiguration:
      Did not match:
         - @ConditionalOnClass did not find required class 'reactor.core.publisher.Flux' (OnClassCondition)

   ReactiveUserDetailsServiceAutoConfiguration:
      Did not match:
         - @ConditionalOnClass did not find required class 'org.springframework.security.authentication.ReactiveAuthenticationManager' (OnClassCondition)

   ReactiveWebServerFactoryAutoConfiguration:
      Did not match:
         - @ConditionalOnWebApplication did not find reactive web application classes (OnWebApplicationCondition)

   RedisAutoConfiguration:
      Did not match:
         - @ConditionalOnClass did not find required class 'org.springframework.data.redis.core.RedisOperations' (OnClassCondition)

   RedisCacheConfiguration:
      Did not match:
         - @ConditionalOnClass did not find required class 'org.springframework.data.redis.connection.RedisConnectionFactory' (OnClassCondition)

   RedisReactiveAutoConfiguration:
      Did not match:
         - @ConditionalOnClass did not find required class 'reactor.core.publisher.Flux' (OnClassCondition)

   RedisRepositoriesAutoConfiguration:
      Did not match:
         - @ConditionalOnClass did not find required class 'org.springframework.data.redis.repository.configuration.EnableRedisRepositories' (OnClassCondition)

   RemoteDevToolsAutoConfiguration:
      Did not match:
         - @ConditionalOnProperty (spring.devtools.remote.secret) did not find property 'secret' (OnPropertyCondition)
      Matched:
         - @ConditionalOnClass found required classes 'javax.servlet.Filter', 'org.springframework.http.server.ServerHttpRequest' (OnClassCondition)

   RepositoryRestMvcAutoConfiguration:
      Did not match:
         - @ConditionalOnClass did not find required class 'org.springframework.data.rest.webmvc.config.RepositoryRestMvcConfiguration' (OnClassCondition)

   Saml2RelyingPartyAutoConfiguration:
      Did not match:
         - @ConditionalOnClass did not find required class 'org.springframework.security.saml2.provider.service.registration.RelyingPartyRegistrationRepository' (OnClassCondition)

   SecurityAutoConfiguration:
      Did not match:
         - @ConditionalOnClass did not find required class 'org.springframework.security.authentication.DefaultAuthenticationEventPublisher' (OnClassCondition)

   SecurityFilterAutoConfiguration:
      Did not match:
         - @ConditionalOnClass did not find required class 'org.springframework.security.config.http.SessionCreationPolicy' (OnClassCondition)

   SendGridAutoConfiguration:
      Did not match:
         - @ConditionalOnClass did not find required class 'com.sendgrid.SendGrid' (OnClassCondition)

   ServletWebServerFactoryAutoConfiguration#forwardedHeaderFilter:
      Did not match:
         - @ConditionalOnProperty (server.forward-headers-strategy=framework) did not find property 'server.forward-headers-strategy' (OnPropertyCondition)

   ServletWebServerFactoryConfiguration.EmbeddedJetty:
      Did not match:
         - @ConditionalOnClass did not find required classes 'org.eclipse.jetty.server.Server', 'org.eclipse.jetty.util.Loader', 'org.eclipse.jetty.webapp.WebAppContext' (OnClassCondition)

   ServletWebServerFactoryConfiguration.EmbeddedUndertow:
      Did not match:
         - @ConditionalOnClass did not find required classes 'io.undertow.Undertow', 'org.xnio.SslClientAuthMode' (OnClassCondition)

   SessionAutoConfiguration:
      Did not match:
         - @ConditionalOnClass did not find required class 'org.springframework.session.Session' (OnClassCondition)

   SolrAutoConfiguration:
      Did not match:
         - @ConditionalOnClass did not find required class 'org.apache.solr.client.solrj.impl.CloudSolrClient' (OnClassCondition)

   SolrRepositoriesAutoConfiguration:
      Did not match:
         - @ConditionalOnClass did not find required class 'org.apache.solr.client.solrj.SolrClient' (OnClassCondition)

   SpringDataWebAutoConfiguration:
      Did not match:
         - @ConditionalOnClass did not find required class 'org.springframework.data.web.PageableHandlerMethodArgumentResolver' (OnClassCondition)

   TaskSchedulingAutoConfiguration#taskScheduler:
      Did not match:
         - @ConditionalOnBean (names: org.springframework.context.annotation.internalScheduledAnnotationProcessor; SearchStrategy: all) did not find any beans named org.springframework.context.annotation.internalScheduledAnnotationProcessor (OnBeanCondition)

   ThymeleafAutoConfiguration:
      Did not match:
         - @ConditionalOnClass did not find required class 'org.thymeleaf.spring5.SpringTemplateEngine' (OnClassCondition)

   TransactionAutoConfiguration:
      Did not match:
         - @ConditionalOnClass did not find required class 'org.springframework.transaction.PlatformTransactionManager' (OnClassCondition)

   UserDetailsServiceAutoConfiguration:
      Did not match:
         - @ConditionalOnClass did not find required class 'org.springframework.security.authentication.AuthenticationManager' (OnClassCondition)

   ValidationAutoConfiguration:
      Did not match:
         - @ConditionalOnClass did not find required class 'javax.validation.executable.ExecutableValidator' (OnClassCondition)

   WebClientAutoConfiguration:
      Did not match:
         - @ConditionalOnClass did not find required class 'org.springframework.web.reactive.function.client.WebClient' (OnClassCondition)

   WebFluxAutoConfiguration:
      Did not match:
         - @ConditionalOnClass did not find required class 'org.springframework.web.reactive.config.WebFluxConfigurer' (OnClassCondition)

   WebMvcAutoConfiguration#hiddenHttpMethodFilter:
      Did not match:
         - @ConditionalOnProperty (spring.mvc.hiddenmethod.filter.enabled) did not find property 'enabled' (OnPropertyCondition)

   WebMvcAutoConfiguration.ResourceChainCustomizerConfiguration:
      Did not match:
         - @ConditionalOnEnabledResourceChain did not find class org.webjars.WebJarAssetLocator (OnEnabledResourceChainCondition)

   WebMvcAutoConfiguration.WebMvcAutoConfigurationAdapter#beanNameViewResolver:
      Did not match:
         - @ConditionalOnMissingBean (types: org.springframework.web.servlet.view.BeanNameViewResolver; SearchStrategy: all) found beans of type 'org.springframework.web.servlet.view.BeanNameViewResolver' beanNameViewResolver (OnBeanCondition)

   WebServiceTemplateAutoConfiguration:
      Did not match:
         - @ConditionalOnClass did not find required class 'org.springframework.oxm.Marshaller' (OnClassCondition)

   WebServicesAutoConfiguration:
      Did not match:
         - @ConditionalOnClass did not find required class 'org.springframework.ws.transport.http.MessageDispatcherServlet' (OnClassCondition)

   WebSocketMessagingAutoConfiguration:
      Did not match:
         - @ConditionalOnClass did not find required class 'org.springframework.web.socket.config.annotation.WebSocketMessageBrokerConfigurer' (OnClassCondition)

   WebSocketReactiveAutoConfiguration:
      Did not match:
         - @ConditionalOnWebApplication did not find reactive web application classes (OnWebApplicationCondition)

   WebSocketServletAutoConfiguration.JettyWebSocketConfiguration:
      Did not match:
         - @ConditionalOnClass did not find required class 'org.eclipse.jetty.websocket.jsr356.server.deploy.WebSocketServerContainerInitializer' (OnClassCondition)

   WebSocketServletAutoConfiguration.UndertowWebSocketConfiguration:
      Did not match:
         - @ConditionalOnClass did not find required class 'io.undertow.websockets.jsr.Bootstrap' (OnClassCondition)

   XADataSourceAutoConfiguration:
      Did not match:
         - @ConditionalOnClass did not find required class 'javax.transaction.TransactionManager' (OnClassCondition)


Exclusions:
-----------

    None


Unconditional classes:
----------------------

    org.springframework.boot.autoconfigure.context.ConfigurationPropertiesAutoConfiguration

    org.springframework.boot.autoconfigure.context.LifecycleAutoConfiguration

    org.springframework.boot.autoconfigure.context.PropertyPlaceholderAutoConfiguration

    org.springframework.boot.autoconfigure.availability.ApplicationAvailabilityAutoConfiguration

    org.springframework.boot.autoconfigure.info.ProjectInfoAutoConfiguration



[10:19:01.162:DEBUG:PropertySourcesPropertyResolver] Found key 'spring.liveBeansView.mbeanDomain' in PropertySource 'systemProperties' with value of type String
[10:19:01.167:INFO :JavaDemoApplication] Started JavaDemoApplication in 1.888 seconds (JVM running for 2.504)
[10:19:01.170:DEBUG:Restarter] Creating new Restarter for thread Thread[main,5,main]
[10:19:01.171:DEBUG:Restarter] Immediately restarting application
[10:19:01.171:DEBUG:Restarter] Created RestartClassLoader org.springframework.boot.devtools.restart.classloader.RestartClassLoader@2d1f336f
[10:19:01.171:DEBUG:Restarter] Starting application com.example.demo.JavaDemoApplication with URLs [file:/Users/kakaobank/Downloads/javaDemo/build/classes/java/main/, file:/Users/kakaobank/Downloads/javaDemo/build/resources/main/]
[10:19:01.443:DEBUG:PropertySourcesPropertyResolver] Found key 'local.server.port' in PropertySource 'server.ports' with value of type Integer
[10:19:33.870:INFO :[/]] Initializing Spring DispatcherServlet 'dispatcherServlet'
[10:19:33.870:INFO :DispatcherServlet] Initializing Servlet 'dispatcherServlet'
[10:19:33.870:DEBUG:DispatcherServlet] Detected StandardServletMultipartResolver
[10:19:33.870:DEBUG:DispatcherServlet] Detected AcceptHeaderLocaleResolver
[10:19:33.870:DEBUG:DispatcherServlet] Detected FixedThemeResolver
[10:19:33.871:DEBUG:DispatcherServlet] Detected org.springframework.web.servlet.view.DefaultRequestToViewNameTranslator@2a9583d6
[10:19:33.871:DEBUG:DispatcherServlet] Detected org.springframework.web.servlet.support.SessionFlashMapManager@270c463a
[10:19:33.871:DEBUG:DispatcherServlet] enableLoggingRequestDetails='false': request parameters and headers will be masked to prevent unsafe logging of potentially sensitive data
[10:19:33.872:INFO :DispatcherServlet] Completed initialization in 2 ms
[10:19:33.881:DEBUG:DispatcherServlet] GET "/one/", parameters={}
[10:19:33.885:DEBUG:RequestMappingHandlerMapping] Mapped to com.example.demo.part.com.controller.OneController#one()
[10:19:33.906:INFO :OneController] log info
[10:19:33.906:DEBUG:OneController] log debug
[10:19:33.924:DEBUG:RequestResponseBodyMethodProcessor] Using 'text/html', given [text/html, application/json, application/xhtml+xml, application/xml;q=0.9, */*;q=0.8] and supported [text/plain, */*, text/plain, */*, application/json, application/*+json, application/json, application/*+json]
[10:19:33.925:DEBUG:RequestResponseBodyMethodProcessor] Writing ["good"]
[10:19:33.931:DEBUG:DispatcherServlet] Completed 200 OK
[10:19:55.447:DEBUG:AnnotationConfigServletWebServerApplicationContext] Closing org.springframework.boot.web.servlet.context.AnnotationConfigServletWebServerApplicationContext@207821dd, started on Mon Feb 22 10:18:59 KST 2021
[10:19:55.447:DEBUG:PropertySourcesPropertyResolver] Found key 'spring.liveBeansView.mbeanDomain' in PropertySource 'systemProperties' with value of type String
[10:19:55.448:DEBUG:DefaultLifecycleProcessor] Stopping beans in phase 2147483647
[10:19:55.448:DEBUG:DefaultLifecycleProcessor] Bean 'webServerGracefulShutdown' completed its stop procedure
[10:19:55.449:DEBUG:DefaultLifecycleProcessor] Stopping beans in phase 2147483646
[10:19:55.526:DEBUG:DefaultLifecycleProcessor] Bean 'webServerStartStop' completed its stop procedure
[10:19:55.527:DEBUG:AnnotationMBeanExporter] Unregistering JMX-exposed beans on shutdown
[10:19:55.528:INFO :ThreadPoolTaskExecutor] Shutting down ExecutorService 'applicationTaskExecutor'
[10:19:57.510:INFO :JavaDemoApplication] Starting JavaDemoApplication using Java 1.8.0_121 on TEADYKANG-M-28CFCD with PID 96043 (/Users/kakaobank/Downloads/javaDemo/build/classes/java/main started by kakaobank in /Users/kakaobank/Downloads/javaDemo)
[10:19:57.513:INFO :JavaDemoApplication] No active profile set, falling back to default profiles: default
[10:19:57.548:INFO :DevToolsPropertyDefaultsPostProcessor] Devtools property defaults active! Set 'spring.devtools.add-properties' to 'false' to disable
[10:19:57.548:INFO :DevToolsPropertyDefaultsPostProcessor] For additional web related logging consider setting the 'logging.level.web' property to 'DEBUG'
[10:19:58.320:INFO :TomcatWebServer] Tomcat initialized with port(s): 8080 (http)
[10:19:58.325:INFO :Http11NioProtocol] Initializing ProtocolHandler ["http-nio-8080"]
[10:19:58.326:INFO :StandardService] Starting service [Tomcat]
[10:19:58.326:INFO :StandardEngine] Starting Servlet engine: [Apache Tomcat/9.0.41]
[10:19:58.371:INFO :[/]] Initializing Spring embedded WebApplicationContext
[10:19:58.371:INFO :ServletWebServerApplicationContext] Root WebApplicationContext: initialization completed in 822 ms
[10:19:58.642:INFO :ThreadPoolTaskExecutor] Initializing ExecutorService 'applicationTaskExecutor'
[10:19:58.866:INFO :OptionalLiveReloadServer] LiveReload server is running on port 35729
[10:19:58.883:INFO :Http11NioProtocol] Starting ProtocolHandler ["http-nio-8080"]
[10:19:58.907:INFO :TomcatWebServer] Tomcat started on port(s): 8080 (http) with context path ''
[10:19:58.928:INFO :JavaDemoApplication] Started JavaDemoApplication in 1.68 seconds (JVM running for 2.266)
[10:20:10.487:INFO :[/]] Initializing Spring DispatcherServlet 'dispatcherServlet'
[10:20:10.487:INFO :DispatcherServlet] Initializing Servlet 'dispatcherServlet'
[10:20:10.489:INFO :DispatcherServlet] Completed initialization in 1 ms
[10:20:10.524:INFO :OneController] log info
